
*** Running vivado
    with args -log c_counter_binary_0.vds -m64 -mode batch -messageDb vivado.pb -source c_counter_binary_0.tcl


****** Vivado v2014.2 (64-bit)
  **** SW Build 932637 on Wed Jun 11 13:33:10 MDT 2014
  **** IP Build 924643 on Fri May 30 09:20:16 MDT 2014
    ** Copyright 1986-2014 Xilinx, Inc. All Rights Reserved.

source c_counter_binary_0.tcl
# set_param gui.test TreeTableDev
# set_msg_config -id {HDL 9-1061} -limit 100000
# set_msg_config -id {HDL 9-1654} -limit 100000
# create_project -in_memory -part xc7a100tcsg324-1
# set_property target_language VHDL [current_project]
# set_param project.compositeFile.enableAutoGeneration 0
# set_property default_lib xil_defaultlib [current_project]
# read_ip c:/Users/cdaffron/git/ece551/lab1/lab1.srcs/sources_1/ip/c_counter_binary_0/c_counter_binary_0.xci
INFO: [IP_Flow 19-234] Refreshing IP repositories
INFO: [IP_Flow 19-1704] No user IP repositories specified
INFO: [IP_Flow 19-2313] Loaded Vivado IP repository 'C:/Xilinx/Vivado/2014.2/data/ip'.
WARNING: [IP_Flow 19-3664] IP 'c_counter_binary_0' generated file not found 'c:/Users/cdaffron/git/ece551/lab1/lab1.srcs/sources_1/ip/c_counter_binary_0/c_counter_binary_0.dcp'. Please regenerate to continue.
WARNING: [IP_Flow 19-3664] IP 'c_counter_binary_0' generated file not found 'c:/Users/cdaffron/git/ece551/lab1/lab1.srcs/sources_1/ip/c_counter_binary_0/c_counter_binary_0_stub.v'. Please regenerate to continue.
WARNING: [IP_Flow 19-3664] IP 'c_counter_binary_0' generated file not found 'c:/Users/cdaffron/git/ece551/lab1/lab1.srcs/sources_1/ip/c_counter_binary_0/c_counter_binary_0_stub.vhdl'. Please regenerate to continue.
WARNING: [IP_Flow 19-3664] IP 'c_counter_binary_0' generated file not found 'c:/Users/cdaffron/git/ece551/lab1/lab1.srcs/sources_1/ip/c_counter_binary_0/c_counter_binary_0_funcsim.v'. Please regenerate to continue.
WARNING: [IP_Flow 19-3664] IP 'c_counter_binary_0' generated file not found 'c:/Users/cdaffron/git/ece551/lab1/lab1.srcs/sources_1/ip/c_counter_binary_0/c_counter_binary_0_funcsim.vhdl'. Please regenerate to continue.
# set_msg_config -id {IP_Flow 19-2162} -severity warning -new_severity info
# set_property is_locked true [get_files c:/Users/cdaffron/git/ece551/lab1/lab1.srcs/sources_1/ip/c_counter_binary_0/c_counter_binary_0.xci]
# read_xdc dont_touch.xdc
# set_property used_in_implementation false [get_files dont_touch.xdc]
# set_param synth.vivado.isSynthRun true
# set_property webtalk.parent_dir C:/Users/cdaffron/git/ece551/lab1/lab1.cache/wt [current_project]
# set_property parent.project_dir C:/Users/cdaffron/git/ece551/lab1 [current_project]
# catch { write_hwdef -file c_counter_binary_0.hwdef }
INFO: [Vivado_Tcl 4-279] hardware handoff file cannot be generated as there is no block diagram instance in the design
# synth_design -top c_counter_binary_0 -part xc7a100tcsg324-1 -mode out_of_context
Command: synth_design -top c_counter_binary_0 -part xc7a100tcsg324-1 -mode out_of_context

Starting synthesis...

Attempting to get a license for feature 'Synthesis' and/or device 'xc7a100t'
INFO: [Common 17-349] Got license for feature 'Synthesis' and/or device 'xc7a100t'
---------------------------------------------------------------------------------
Starting RTL Elaboration : Time (s): cpu = 00:00:12 ; elapsed = 00:00:14 . Memory (MB): peak = 233.125 ; gain = 102.688
---------------------------------------------------------------------------------
INFO: [Synth 8-638] synthesizing module 'c_counter_binary_0' [c:/Users/cdaffron/git/ece551/lab1/lab1.srcs/sources_1/ip/c_counter_binary_0/synth/c_counter_binary_0.vhd:67]
INFO: [Synth 8-3491] module 'c_counter_binary_v12_0' declared at 'c:/Users/cdaffron/git/ece551/lab1/lab1.srcs/sources_1/ip/c_counter_binary_0/c_counter_binary_v12_0/hdl/c_counter_binary_v12_0.vhd:106' bound to instance 'U0' of component 'c_counter_binary_v12_0' [c:/Users/cdaffron/git/ece551/lab1/lab1.srcs/sources_1/ip/c_counter_binary_0/synth/c_counter_binary_0.vhd:120]
INFO: [Synth 8-638] synthesizing module 'c_counter_binary_v12_0__parameterized0' [c:/Users/cdaffron/git/ece551/lab1/lab1.srcs/sources_1/ip/c_counter_binary_0/c_counter_binary_v12_0/hdl/c_counter_binary_v12_0.vhd:147]
INFO: [Synth 8-3491] module 'c_counter_binary_v12_0_viv' declared at 'c:/Users/cdaffron/git/ece551/lab1/lab1.srcs/sources_1/ip/c_counter_binary_0/c_counter_binary_v12_0/hdl/c_counter_binary_v12_0_viv.vhd:122' bound to instance 'i_synth' of component 'c_counter_binary_v12_0_viv' [c:/Users/cdaffron/git/ece551/lab1/lab1.srcs/sources_1/ip/c_counter_binary_0/c_counter_binary_v12_0/hdl/c_counter_binary_v12_0.vhd:153]
INFO: [Synth 8-638] synthesizing module 'c_counter_binary_v12_0_viv__parameterized0' [c:/Users/cdaffron/git/ece551/lab1/lab1.srcs/sources_1/ip/c_counter_binary_0/c_counter_binary_v12_0/hdl/c_counter_binary_v12_0_viv.vhd:176]
INFO: [Synth 8-3491] module 'c_counter_binary_v12_0_legacy' declared at 'c:/Users/cdaffron/git/ece551/lab1/lab1.srcs/sources_1/ip/c_counter_binary_0/c_counter_binary_v12_0/hdl/c_counter_binary_v12_0_legacy.vhd:114' bound to instance 'i_baseblox_counter' of component 'c_counter_binary_v12_0_legacy' [c:/Users/cdaffron/git/ece551/lab1/lab1.srcs/sources_1/ip/c_counter_binary_0/c_counter_binary_v12_0/hdl/c_counter_binary_v12_0_viv.vhd:302]
INFO: [Synth 8-638] synthesizing module 'c_counter_binary_v12_0_legacy__parameterized0' [c:/Users/cdaffron/git/ece551/lab1/lab1.srcs/sources_1/ip/c_counter_binary_0/c_counter_binary_v12_0/hdl/c_counter_binary_v12_0_legacy.vhd:171]
INFO: [Synth 8-3491] module 'c_addsub_v12_0_legacy' declared at 'c:/Users/cdaffron/git/ece551/lab1/lab1.srcs/sources_1/ip/c_counter_binary_0/c_addsub_v12_0/hdl/c_addsub_v12_0_legacy.vhd:140' bound to instance 'the_addsub' of component 'c_addsub_v12_0_legacy' [c:/Users/cdaffron/git/ece551/lab1/lab1.srcs/sources_1/ip/c_counter_binary_0/c_counter_binary_v12_0/hdl/c_counter_binary_v12_0_legacy.vhd:890]
INFO: [Synth 8-638] synthesizing module 'c_addsub_v12_0_legacy__parameterized0' [c:/Users/cdaffron/git/ece551/lab1/lab1.srcs/sources_1/ip/c_counter_binary_0/c_addsub_v12_0/hdl/c_addsub_v12_0_legacy.vhd:216]
INFO: [Synth 8-3491] module 'c_addsub_v12_0_fabric_legacy' declared at 'c:/Users/cdaffron/git/ece551/lab1/lab1.srcs/sources_1/ip/c_counter_binary_0/c_addsub_v12_0/hdl/c_addsub_v12_0_fabric_legacy.vhd:151' bound to instance 'the_addsub' of component 'c_addsub_v12_0_fabric_legacy' [c:/Users/cdaffron/git/ece551/lab1/lab1.srcs/sources_1/ip/c_counter_binary_0/c_addsub_v12_0/hdl/c_addsub_v12_0_legacy.vhd:507]
INFO: [Synth 8-638] synthesizing module 'c_addsub_v12_0_fabric_legacy__parameterized0' [c:/Users/cdaffron/git/ece551/lab1/lab1.srcs/sources_1/ip/c_counter_binary_0/c_addsub_v12_0/hdl/c_addsub_v12_0_fabric_legacy.vhd:203]
INFO: [Synth 8-3491] module 'c_addsub_v12_0_lut6_legacy' declared at 'c:/Users/cdaffron/git/ece551/lab1/lab1.srcs/sources_1/ip/c_counter_binary_0/c_addsub_v12_0/hdl/c_addsub_v12_0_lut6_legacy.vhd:142' bound to instance 'i_lut6_addsub' of component 'c_addsub_v12_0_lut6_legacy' [c:/Users/cdaffron/git/ece551/lab1/lab1.srcs/sources_1/ip/c_counter_binary_0/c_addsub_v12_0/hdl/c_addsub_v12_0_fabric_legacy.vhd:220]
INFO: [Synth 8-638] synthesizing module 'c_addsub_v12_0_lut6_legacy__parameterized0' [c:/Users/cdaffron/git/ece551/lab1/lab1.srcs/sources_1/ip/c_counter_binary_0/c_addsub_v12_0/hdl/c_addsub_v12_0_lut6_legacy.vhd:194]
INFO: [Synth 8-3491] module 'c_reg_fd_v12_0_viv' declared at 'c:/Users/cdaffron/git/ece551/lab1/lab1.srcs/sources_1/ip/c_counter_binary_0/c_reg_fd_v12_0/hdl/c_reg_fd_v12_0_viv.vhd:134' bound to instance 'qreg' of component 'c_reg_fd_v12_0_viv' [c:/Users/cdaffron/git/ece551/lab1/lab1.srcs/sources_1/ip/c_counter_binary_0/c_addsub_v12_0/hdl/c_addsub_v12_0_lut6_legacy.vhd:791]
INFO: [Synth 8-638] synthesizing module 'c_reg_fd_v12_0_viv__parameterized0' [c:/Users/cdaffron/git/ece551/lab1/lab1.srcs/sources_1/ip/c_counter_binary_0/c_reg_fd_v12_0/hdl/c_reg_fd_v12_0_viv.vhd:164]
INFO: [Synth 8-256] done synthesizing module 'c_reg_fd_v12_0_viv__parameterized0' (1#1) [c:/Users/cdaffron/git/ece551/lab1/lab1.srcs/sources_1/ip/c_counter_binary_0/c_reg_fd_v12_0/hdl/c_reg_fd_v12_0_viv.vhd:164]
INFO: [Synth 8-113] binding component instance 'carrymux0' to cell 'MUXCY' [c:/Users/cdaffron/git/ece551/lab1/lab1.srcs/sources_1/ip/c_counter_binary_0/c_addsub_v12_0/hdl/c_addsub_v12_0_lut6_legacy.vhd:1115]
INFO: [Synth 8-113] binding component instance 'carryxor0' to cell 'XORCY' [c:/Users/cdaffron/git/ece551/lab1/lab1.srcs/sources_1/ip/c_counter_binary_0/c_addsub_v12_0/hdl/c_addsub_v12_0_lut6_legacy.vhd:1123]
INFO: [Synth 8-113] binding component instance 'carryxortop' to cell 'XORCY' [c:/Users/cdaffron/git/ece551/lab1/lab1.srcs/sources_1/ip/c_counter_binary_0/c_addsub_v12_0/hdl/c_addsub_v12_0_lut6_legacy.vhd:1135]
INFO: [Synth 8-113] binding component instance 'carrymux' to cell 'MUXCY' [c:/Users/cdaffron/git/ece551/lab1/lab1.srcs/sources_1/ip/c_counter_binary_0/c_addsub_v12_0/hdl/c_addsub_v12_0_lut6_legacy.vhd:1157]
INFO: [Synth 8-113] binding component instance 'carryxor' to cell 'XORCY' [c:/Users/cdaffron/git/ece551/lab1/lab1.srcs/sources_1/ip/c_counter_binary_0/c_addsub_v12_0/hdl/c_addsub_v12_0_lut6_legacy.vhd:1165]
INFO: [Synth 8-113] binding component instance 'carrymux' to cell 'MUXCY' [c:/Users/cdaffron/git/ece551/lab1/lab1.srcs/sources_1/ip/c_counter_binary_0/c_addsub_v12_0/hdl/c_addsub_v12_0_lut6_legacy.vhd:1157]
INFO: [Synth 8-113] binding component instance 'carryxor' to cell 'XORCY' [c:/Users/cdaffron/git/ece551/lab1/lab1.srcs/sources_1/ip/c_counter_binary_0/c_addsub_v12_0/hdl/c_addsub_v12_0_lut6_legacy.vhd:1165]
INFO: [Synth 8-113] binding component instance 'carrymux' to cell 'MUXCY' [c:/Users/cdaffron/git/ece551/lab1/lab1.srcs/sources_1/ip/c_counter_binary_0/c_addsub_v12_0/hdl/c_addsub_v12_0_lut6_legacy.vhd:1157]
INFO: [Synth 8-113] binding component instance 'carryxor' to cell 'XORCY' [c:/Users/cdaffron/git/ece551/lab1/lab1.srcs/sources_1/ip/c_counter_binary_0/c_addsub_v12_0/hdl/c_addsub_v12_0_lut6_legacy.vhd:1165]
INFO: [Synth 8-113] binding component instance 'carrymux' to cell 'MUXCY' [c:/Users/cdaffron/git/ece551/lab1/lab1.srcs/sources_1/ip/c_counter_binary_0/c_addsub_v12_0/hdl/c_addsub_v12_0_lut6_legacy.vhd:1157]
INFO: [Synth 8-113] binding component instance 'carryxor' to cell 'XORCY' [c:/Users/cdaffron/git/ece551/lab1/lab1.srcs/sources_1/ip/c_counter_binary_0/c_addsub_v12_0/hdl/c_addsub_v12_0_lut6_legacy.vhd:1165]
INFO: [Synth 8-113] binding component instance 'carrymux' to cell 'MUXCY' [c:/Users/cdaffron/git/ece551/lab1/lab1.srcs/sources_1/ip/c_counter_binary_0/c_addsub_v12_0/hdl/c_addsub_v12_0_lut6_legacy.vhd:1157]
INFO: [Synth 8-113] binding component instance 'carryxor' to cell 'XORCY' [c:/Users/cdaffron/git/ece551/lab1/lab1.srcs/sources_1/ip/c_counter_binary_0/c_addsub_v12_0/hdl/c_addsub_v12_0_lut6_legacy.vhd:1165]
INFO: [Synth 8-113] binding component instance 'carrymux' to cell 'MUXCY' [c:/Users/cdaffron/git/ece551/lab1/lab1.srcs/sources_1/ip/c_counter_binary_0/c_addsub_v12_0/hdl/c_addsub_v12_0_lut6_legacy.vhd:1157]
INFO: [Synth 8-113] binding component instance 'carryxor' to cell 'XORCY' [c:/Users/cdaffron/git/ece551/lab1/lab1.srcs/sources_1/ip/c_counter_binary_0/c_addsub_v12_0/hdl/c_addsub_v12_0_lut6_legacy.vhd:1165]
INFO: [Synth 8-113] binding component instance 'carrymux' to cell 'MUXCY' [c:/Users/cdaffron/git/ece551/lab1/lab1.srcs/sources_1/ip/c_counter_binary_0/c_addsub_v12_0/hdl/c_addsub_v12_0_lut6_legacy.vhd:1157]
INFO: [Synth 8-113] binding component instance 'carryxor' to cell 'XORCY' [c:/Users/cdaffron/git/ece551/lab1/lab1.srcs/sources_1/ip/c_counter_binary_0/c_addsub_v12_0/hdl/c_addsub_v12_0_lut6_legacy.vhd:1165]
INFO: [Synth 8-113] binding component instance 'carrymux' to cell 'MUXCY' [c:/Users/cdaffron/git/ece551/lab1/lab1.srcs/sources_1/ip/c_counter_binary_0/c_addsub_v12_0/hdl/c_addsub_v12_0_lut6_legacy.vhd:1157]
INFO: [Synth 8-113] binding component instance 'carryxor' to cell 'XORCY' [c:/Users/cdaffron/git/ece551/lab1/lab1.srcs/sources_1/ip/c_counter_binary_0/c_addsub_v12_0/hdl/c_addsub_v12_0_lut6_legacy.vhd:1165]
INFO: [Synth 8-113] binding component instance 'carrymux' to cell 'MUXCY' [c:/Users/cdaffron/git/ece551/lab1/lab1.srcs/sources_1/ip/c_counter_binary_0/c_addsub_v12_0/hdl/c_addsub_v12_0_lut6_legacy.vhd:1157]
INFO: [Synth 8-113] binding component instance 'carryxor' to cell 'XORCY' [c:/Users/cdaffron/git/ece551/lab1/lab1.srcs/sources_1/ip/c_counter_binary_0/c_addsub_v12_0/hdl/c_addsub_v12_0_lut6_legacy.vhd:1165]
INFO: [Synth 8-113] binding component instance 'carrymux' to cell 'MUXCY' [c:/Users/cdaffron/git/ece551/lab1/lab1.srcs/sources_1/ip/c_counter_binary_0/c_addsub_v12_0/hdl/c_addsub_v12_0_lut6_legacy.vhd:1157]
INFO: [Synth 8-113] binding component instance 'carryxor' to cell 'XORCY' [c:/Users/cdaffron/git/ece551/lab1/lab1.srcs/sources_1/ip/c_counter_binary_0/c_addsub_v12_0/hdl/c_addsub_v12_0_lut6_legacy.vhd:1165]
INFO: [Synth 8-113] binding component instance 'carrymux' to cell 'MUXCY' [c:/Users/cdaffron/git/ece551/lab1/lab1.srcs/sources_1/ip/c_counter_binary_0/c_addsub_v12_0/hdl/c_addsub_v12_0_lut6_legacy.vhd:1157]
INFO: [Synth 8-113] binding component instance 'carryxor' to cell 'XORCY' [c:/Users/cdaffron/git/ece551/lab1/lab1.srcs/sources_1/ip/c_counter_binary_0/c_addsub_v12_0/hdl/c_addsub_v12_0_lut6_legacy.vhd:1165]
INFO: [Synth 8-113] binding component instance 'carrymux' to cell 'MUXCY' [c:/Users/cdaffron/git/ece551/lab1/lab1.srcs/sources_1/ip/c_counter_binary_0/c_addsub_v12_0/hdl/c_addsub_v12_0_lut6_legacy.vhd:1157]
INFO: [Synth 8-113] binding component instance 'carryxor' to cell 'XORCY' [c:/Users/cdaffron/git/ece551/lab1/lab1.srcs/sources_1/ip/c_counter_binary_0/c_addsub_v12_0/hdl/c_addsub_v12_0_lut6_legacy.vhd:1165]
INFO: [Synth 8-113] binding component instance 'carrymux' to cell 'MUXCY' [c:/Users/cdaffron/git/ece551/lab1/lab1.srcs/sources_1/ip/c_counter_binary_0/c_addsub_v12_0/hdl/c_addsub_v12_0_lut6_legacy.vhd:1157]
INFO: [Synth 8-113] binding component instance 'carryxor' to cell 'XORCY' [c:/Users/cdaffron/git/ece551/lab1/lab1.srcs/sources_1/ip/c_counter_binary_0/c_addsub_v12_0/hdl/c_addsub_v12_0_lut6_legacy.vhd:1165]
INFO: [Synth 8-113] binding component instance 'carrymux' to cell 'MUXCY' [c:/Users/cdaffron/git/ece551/lab1/lab1.srcs/sources_1/ip/c_counter_binary_0/c_addsub_v12_0/hdl/c_addsub_v12_0_lut6_legacy.vhd:1157]
INFO: [Synth 8-113] binding component instance 'carryxor' to cell 'XORCY' [c:/Users/cdaffron/git/ece551/lab1/lab1.srcs/sources_1/ip/c_counter_binary_0/c_addsub_v12_0/hdl/c_addsub_v12_0_lut6_legacy.vhd:1165]
INFO: [Synth 8-113] binding component instance 'carrymux' to cell 'MUXCY' [c:/Users/cdaffron/git/ece551/lab1/lab1.srcs/sources_1/ip/c_counter_binary_0/c_addsub_v12_0/hdl/c_addsub_v12_0_lut6_legacy.vhd:1157]
INFO: [Synth 8-113] binding component instance 'carryxor' to cell 'XORCY' [c:/Users/cdaffron/git/ece551/lab1/lab1.srcs/sources_1/ip/c_counter_binary_0/c_addsub_v12_0/hdl/c_addsub_v12_0_lut6_legacy.vhd:1165]
INFO: [Synth 8-113] binding component instance 'carrymux' to cell 'MUXCY' [c:/Users/cdaffron/git/ece551/lab1/lab1.srcs/sources_1/ip/c_counter_binary_0/c_addsub_v12_0/hdl/c_addsub_v12_0_lut6_legacy.vhd:1157]
INFO: [Synth 8-113] binding component instance 'carryxor' to cell 'XORCY' [c:/Users/cdaffron/git/ece551/lab1/lab1.srcs/sources_1/ip/c_counter_binary_0/c_addsub_v12_0/hdl/c_addsub_v12_0_lut6_legacy.vhd:1165]
INFO: [Synth 8-113] binding component instance 'carrymux' to cell 'MUXCY' [c:/Users/cdaffron/git/ece551/lab1/lab1.srcs/sources_1/ip/c_counter_binary_0/c_addsub_v12_0/hdl/c_addsub_v12_0_lut6_legacy.vhd:1157]
INFO: [Synth 8-113] binding component instance 'carryxor' to cell 'XORCY' [c:/Users/cdaffron/git/ece551/lab1/lab1.srcs/sources_1/ip/c_counter_binary_0/c_addsub_v12_0/hdl/c_addsub_v12_0_lut6_legacy.vhd:1165]
INFO: [Synth 8-256] done synthesizing module 'c_addsub_v12_0_lut6_legacy__parameterized0' (2#1) [c:/Users/cdaffron/git/ece551/lab1/lab1.srcs/sources_1/ip/c_counter_binary_0/c_addsub_v12_0/hdl/c_addsub_v12_0_lut6_legacy.vhd:194]
INFO: [Synth 8-256] done synthesizing module 'c_addsub_v12_0_fabric_legacy__parameterized0' (3#1) [c:/Users/cdaffron/git/ece551/lab1/lab1.srcs/sources_1/ip/c_counter_binary_0/c_addsub_v12_0/hdl/c_addsub_v12_0_fabric_legacy.vhd:203]
INFO: [Synth 8-256] done synthesizing module 'c_addsub_v12_0_legacy__parameterized0' (4#1) [c:/Users/cdaffron/git/ece551/lab1/lab1.srcs/sources_1/ip/c_counter_binary_0/c_addsub_v12_0/hdl/c_addsub_v12_0_legacy.vhd:216]
INFO: [Synth 8-256] done synthesizing module 'c_counter_binary_v12_0_legacy__parameterized0' (5#1) [c:/Users/cdaffron/git/ece551/lab1/lab1.srcs/sources_1/ip/c_counter_binary_0/c_counter_binary_v12_0/hdl/c_counter_binary_v12_0_legacy.vhd:171]
INFO: [Synth 8-256] done synthesizing module 'c_counter_binary_v12_0_viv__parameterized0' (6#1) [c:/Users/cdaffron/git/ece551/lab1/lab1.srcs/sources_1/ip/c_counter_binary_0/c_counter_binary_v12_0/hdl/c_counter_binary_v12_0_viv.vhd:176]
INFO: [Synth 8-256] done synthesizing module 'c_counter_binary_v12_0__parameterized0' (7#1) [c:/Users/cdaffron/git/ece551/lab1/lab1.srcs/sources_1/ip/c_counter_binary_0/c_counter_binary_v12_0/hdl/c_counter_binary_v12_0.vhd:147]
INFO: [Synth 8-256] done synthesizing module 'c_counter_binary_0' (8#1) [c:/Users/cdaffron/git/ece551/lab1/lab1.srcs/sources_1/ip/c_counter_binary_0/synth/c_counter_binary_0.vhd:67]
---------------------------------------------------------------------------------
Finished RTL Elaboration : Time (s): cpu = 00:00:21 ; elapsed = 00:00:23 . Memory (MB): peak = 273.023 ; gain = 142.586
---------------------------------------------------------------------------------
---------------------------------------------------------------------------------
Start RTL Optimization
---------------------------------------------------------------------------------

Report Check Netlist: 
+------+------------------+-------+---------+-------+------------------+
|      |Item              |Errors |Warnings |Status |Description       |
+------+------------------+-------+---------+-------+------------------+
|1     |multi_driven_nets |      0|        0|Passed |Multi driven nets |
+------+------------------+-------+---------+-------+------------------+
INFO: [Netlist 29-17] Analyzing 19 Unisim elements for replacement
INFO: [Netlist 29-28] Unisim Transformation completed in 0 CPU seconds
Loading clock regions from C:/Xilinx/Vivado/2014.2/data\parts/xilinx/artix7/artix7/xc7a100t/ClockRegion.xml
Loading clock buffers from C:/Xilinx/Vivado/2014.2/data\parts/xilinx/artix7/artix7/xc7a100t/ClockBuffers.xml
Loading clock placement rules from C:/Xilinx/Vivado/2014.2/data/parts/xilinx/artix7/ClockPlacerRules.xml
Loading package pin functions from C:/Xilinx/Vivado/2014.2/data\parts/xilinx/artix7/PinFunctions.xml...
Loading package from C:/Xilinx/Vivado/2014.2/data\parts/xilinx/artix7/artix7/xc7a100t/csg324/Package.xml
Loading io standards from C:/Xilinx/Vivado/2014.2/data\./parts/xilinx/artix7/IOStandards.xml
Loading device configuration modes from C:/Xilinx/Vivado/2014.2/data\parts/xilinx/artix7/ConfigModes.xml

Processing XDC Constraints
Parsing XDC File [c:/Users/cdaffron/git/ece551/lab1/lab1.srcs/sources_1/ip/c_counter_binary_0/c_counter_binary_0_ooc.xdc] for cell 'U0'
Finished Parsing XDC File [c:/Users/cdaffron/git/ece551/lab1/lab1.srcs/sources_1/ip/c_counter_binary_0/c_counter_binary_0_ooc.xdc] for cell 'U0'
Parsing XDC File [C:/Users/cdaffron/git/ece551/lab1/lab1.runs/c_counter_binary_0_synth_1/dont_touch.xdc]
Finished Parsing XDC File [C:/Users/cdaffron/git/ece551/lab1/lab1.runs/c_counter_binary_0_synth_1/dont_touch.xdc]
Completed Processing XDC Constraints

INFO: [Project 1-111] Unisim Transformation Summary:
No Unisim elements were transformed.

---------------------------------------------------------------------------------
Start RTL Optimization
---------------------------------------------------------------------------------
---------------------------------------------------------------------------------
Start Loading Part and Timing Information
---------------------------------------------------------------------------------
Loading part: xc7a100tcsg324-1
---------------------------------------------------------------------------------
Finished Loading Part and Timing Information : Time (s): cpu = 00:00:29 ; elapsed = 00:00:31 . Memory (MB): peak = 475.305 ; gain = 344.867
---------------------------------------------------------------------------------
---------------------------------------------------------------------------------
Start Applying 'set_property' XDC Constraints
---------------------------------------------------------------------------------
Applied set_property DONT_TOUCH = true for U0. (constraint file  C:/Users/cdaffron/git/ece551/lab1/lab1.runs/c_counter_binary_0_synth_1/dont_touch.xdc, line 9).
---------------------------------------------------------------------------------
Finished applying 'set_property' XDC Constraints : Time (s): cpu = 00:00:29 ; elapsed = 00:00:31 . Memory (MB): peak = 475.305 ; gain = 344.867
---------------------------------------------------------------------------------
---------------------------------------------------------------------------------
Finished RTL Optimization : Time (s): cpu = 00:00:29 ; elapsed = 00:00:31 . Memory (MB): peak = 475.305 ; gain = 344.867
---------------------------------------------------------------------------------

Report RTL Partitions: 
+-+--------------+------------+----------+
| |RTL Partition |Replication |Instances |
+-+--------------+------------+----------+
+-+--------------+------------+----------+
---------------------------------------------------------------------------------
Start RTL Component Statistics 
---------------------------------------------------------------------------------
---------------------------------------------------------------------------------
Finished RTL Component Statistics 
---------------------------------------------------------------------------------
---------------------------------------------------------------------------------
Start RTL Hierarchical Component Statistics 
---------------------------------------------------------------------------------
---------------------------------------------------------------------------------
Finished RTL Hierarchical Component Statistics
---------------------------------------------------------------------------------
---------------------------------------------------------------------------------
Start Part Resource Summary
---------------------------------------------------------------------------------
Part Resources:
DSPs: 240 (col length:80)
BRAMs: 270 (col length: RAMB18 80 RAMB36 40)
---------------------------------------------------------------------------------
Finished Part Resource Summary
---------------------------------------------------------------------------------
Workers Ready, Starting Parallel Section  : Time (s): cpu = 00:00:29 ; elapsed = 00:00:31 . Memory (MB): peak = 476.098 ; gain = 345.660
---------------------------------------------------------------------------------
Start Cross Boundary Optimization
---------------------------------------------------------------------------------
---------------------------------------------------------------------------------
Finished Cross Boundary Optimization : Time (s): cpu = 00:00:29 ; elapsed = 00:00:31 . Memory (MB): peak = 476.098 ; gain = 345.660
---------------------------------------------------------------------------------
Finished Parallel Reinfer  : Time (s): cpu = 00:00:29 ; elapsed = 00:00:31 . Memory (MB): peak = 476.098 ; gain = 345.660
---------------------------------------------------------------------------------
Start Area Optimization
---------------------------------------------------------------------------------
---------------------------------------------------------------------------------
Finished Area Optimization : Time (s): cpu = 00:00:29 ; elapsed = 00:00:31 . Memory (MB): peak = 494.508 ; gain = 364.070
---------------------------------------------------------------------------------
Finished Parallel Area Opt  : Time (s): cpu = 00:00:29 ; elapsed = 00:00:31 . Memory (MB): peak = 494.508 ; gain = 364.070
Finished Parallel Section  : Time (s): cpu = 00:00:29 ; elapsed = 00:00:31 . Memory (MB): peak = 494.508 ; gain = 364.070
---------------------------------------------------------------------------------
Start Timing Optimization
---------------------------------------------------------------------------------
---------------------------------------------------------------------------------
Start Applying XDC Timing Constraints
---------------------------------------------------------------------------------
---------------------------------------------------------------------------------
Finished Applying XDC Timing Constraints : Time (s): cpu = 00:00:42 ; elapsed = 00:00:44 . Memory (MB): peak = 548.195 ; gain = 417.758
---------------------------------------------------------------------------------
---------------------------------------------------------------------------------
Finished Timing Optimization : Time (s): cpu = 00:00:42 ; elapsed = 00:00:44 . Memory (MB): peak = 548.195 ; gain = 417.758
---------------------------------------------------------------------------------
---------------------------------------------------------------------------------
Start Technology Mapping
---------------------------------------------------------------------------------
---------------------------------------------------------------------------------
Finished Technology Mapping : Time (s): cpu = 00:00:42 ; elapsed = 00:00:44 . Memory (MB): peak = 557.410 ; gain = 426.973
---------------------------------------------------------------------------------
---------------------------------------------------------------------------------
Start IO Insertion
---------------------------------------------------------------------------------
---------------------------------------------------------------------------------
Start Flattening Before IO Insertion
---------------------------------------------------------------------------------
---------------------------------------------------------------------------------
Finished Flattening Before IO Insertion
---------------------------------------------------------------------------------
---------------------------------------------------------------------------------
Start Final Netlist Cleanup
---------------------------------------------------------------------------------
---------------------------------------------------------------------------------
Finished Final Netlist Cleanup
---------------------------------------------------------------------------------
---------------------------------------------------------------------------------
Finished IO Insertion : Time (s): cpu = 00:00:42 ; elapsed = 00:00:45 . Memory (MB): peak = 557.410 ; gain = 426.973
---------------------------------------------------------------------------------

Report Check Netlist: 
+------+------------------+-------+---------+-------+------------------+
|      |Item              |Errors |Warnings |Status |Description       |
+------+------------------+-------+---------+-------+------------------+
|1     |multi_driven_nets |      0|        0|Passed |Multi driven nets |
+------+------------------+-------+---------+-------+------------------+
---------------------------------------------------------------------------------
Start Renaming Generated Instances
---------------------------------------------------------------------------------
---------------------------------------------------------------------------------
Finished Renaming Generated Instances : Time (s): cpu = 00:00:42 ; elapsed = 00:00:45 . Memory (MB): peak = 557.410 ; gain = 426.973
---------------------------------------------------------------------------------
---------------------------------------------------------------------------------
Start Rebuilding User Hierarchy
---------------------------------------------------------------------------------
---------------------------------------------------------------------------------
Finished Rebuilding User Hierarchy : Time (s): cpu = 00:00:42 ; elapsed = 00:00:45 . Memory (MB): peak = 557.410 ; gain = 426.973
---------------------------------------------------------------------------------
---------------------------------------------------------------------------------
Start Writing Synthesis Report
---------------------------------------------------------------------------------

Report BlackBoxes: 
+-+--------------+----------+
| |BlackBox name |Instances |
+-+--------------+----------+
+-+--------------+----------+

Report Cell Usage: 
+------+------+------+
|      |Cell  |Count |
+------+------+------+
|1     |LUT1  |     1|
|2     |LUT2  |     1|
|3     |MUXCY |    18|
|4     |XORCY |    19|
|5     |FDRE  |    19|
+------+------+------+
---------------------------------------------------------------------------------
Finished Writing Synthesis Report : Time (s): cpu = 00:00:42 ; elapsed = 00:00:45 . Memory (MB): peak = 557.410 ; gain = 426.973
---------------------------------------------------------------------------------
Synthesis finished with 0 errors, 0 critical warnings and 0 warnings.
Synthesis Optimization Complete : Time (s): cpu = 00:00:42 ; elapsed = 00:00:45 . Memory (MB): peak = 557.410 ; gain = 426.973
INFO: [Netlist 29-17] Analyzing 19 Unisim elements for replacement
INFO: [Netlist 29-28] Unisim Transformation completed in 0 CPU seconds
Parsing XDC File [c:/Users/cdaffron/git/ece551/lab1/lab1.srcs/sources_1/ip/c_counter_binary_0/c_counter_binary_0_ooc.xdc] for cell 'U0'
Finished Parsing XDC File [c:/Users/cdaffron/git/ece551/lab1/lab1.srcs/sources_1/ip/c_counter_binary_0/c_counter_binary_0_ooc.xdc] for cell 'U0'
INFO: [Opt 31-138] Pushed 0 inverter(s) to 0 load pin(s).
INFO: [Project 1-111] Unisim Transformation Summary:
  A total of 5 instances were transformed.
  (MUXCY,XORCY) => CARRY4: 5 instances

INFO: [Common 17-83] Releasing license: Synthesis
69 Infos, 0 Warnings, 0 Critical Warnings and 0 Errors encountered.
synth_design completed successfully
synth_design: Time (s): cpu = 00:00:41 ; elapsed = 00:00:44 . Memory (MB): peak = 567.813 ; gain = 380.227
# rename_ref -prefix_all c_counter_binary_0_
INFO: [Coretcl 2-1174] Renamed 7 cell refs.
# write_checkpoint -noxdef c_counter_binary_0.dcp
# report_utilization -file c_counter_binary_0_utilization_synth.rpt -pb c_counter_binary_0_utilization_synth.pb
report_utilization: Time (s): cpu = 00:00:00 ; elapsed = 00:00:00.025 . Memory (MB): peak = 567.813 ; gain = 0.000
# if { [catch {
#   file copy -force C:/Users/cdaffron/git/ece551/lab1/lab1.runs/c_counter_binary_0_synth_1/c_counter_binary_0.dcp c:/Users/cdaffron/git/ece551/lab1/lab1.srcs/sources_1/ip/c_counter_binary_0/c_counter_binary_0.dcp
#   write_verilog -force -mode synth_stub c:/Users/cdaffron/git/ece551/lab1/lab1.srcs/sources_1/ip/c_counter_binary_0/c_counter_binary_0_stub.v
#   write_vhdl -force -mode synth_stub c:/Users/cdaffron/git/ece551/lab1/lab1.srcs/sources_1/ip/c_counter_binary_0/c_counter_binary_0_stub.vhdl
#   write_verilog -force -mode funcsim c:/Users/cdaffron/git/ece551/lab1/lab1.srcs/sources_1/ip/c_counter_binary_0/c_counter_binary_0_funcsim.v
#   write_vhdl -force -mode funcsim c:/Users/cdaffron/git/ece551/lab1/lab1.srcs/sources_1/ip/c_counter_binary_0/c_counter_binary_0_funcsim.vhdl
# } _RESULT ] } { 
#   send_msg_id runtcl-3 error "Unable to successfully create or copy supporting IP files."
#   return -code error
# }
INFO: [Common 17-206] Exiting Vivado at Wed Feb 11 21:36:47 2015...
