Copyright 1986-2014 Xilinx, Inc. All Rights Reserved.
------------------------------------------------------------------------------------------------------------
| Tool Version : Vivado v.2014.2 (lin64) Build 932637 Wed Jun 11 13:08:52 MDT 2014
| Date         : Sat Mar 28 16:45:12 2015
| Host         : com1548.eecs.utk.edu running 64-bit Red Hat Enterprise Linux Server release 6.5 (Santiago)
| Command      : report_control_sets -verbose -file magnitude_control_sets_placed.rpt
| Design       : magnitude
| Device       : xc7a100t
------------------------------------------------------------------------------------------------------------

Control Set Information

Table of Contents
-----------------
1. Summary
2. Flip-Flop Distribution
3. Detailed Control Set Information

1. Summary
----------

+-------------------------------------------------------------------+-------+
|                               Status                              | Count |
+-------------------------------------------------------------------+-------+
| Number of unique control sets                                     |     2 |
| Minimum Number of register sites lost to control set restrictions |    12 |
+-------------------------------------------------------------------+-------+


2. Flip-Flop Distribution
-------------------------

+--------------+-----------------------+------------------------+-----------------+--------------+
| Clock Enable | Synchronous Set/Reset | Asynchronous Set/Reset | Total Registers | Total Slices |
+--------------+-----------------------+------------------------+-----------------+--------------+
| No           | No                    | No                     |             251 |          109 |
| No           | No                    | Yes                    |               0 |            0 |
| No           | Yes                   | No                     |               0 |            0 |
| Yes          | No                    | No                     |              17 |            6 |
| Yes          | No                    | Yes                    |               0 |            0 |
| Yes          | Yes                   | No                     |               0 |            0 |
+--------------+-----------------------+------------------------+-----------------+--------------+


3. Detailed Control Set Information
-----------------------------------

+---------------+----------------------------------------------------------------+------------------+------------------+----------------+
|  Clock Signal |                          Enable Signal                         | Set/Reset Signal | Slice Load Count | Bel Load Count |
+---------------+----------------------------------------------------------------+------------------+------------------+----------------+
|  xlnx_opt__19 | magSqRt/U0/i_synth/i_synth/gen_sqrt.square_root/gen_rdy_int/O1 |                  |                6 |             17 |
|  xlnx_opt__19 |                                                                |                  |              118 |            268 |
+---------------+----------------------------------------------------------------+------------------+------------------+----------------+


