Copyright 1986-2014 Xilinx, Inc. All Rights Reserved.
------------------------------------------------------------------------------------------------------------
| Tool Version : Vivado v.2014.2 (lin64) Build 932637 Wed Jun 11 13:08:52 MDT 2014
| Date         : Sat Mar 28 16:45:39 2015
| Host         : com1548.eecs.utk.edu running 64-bit Red Hat Enterprise Linux Server release 6.5 (Santiago)
| Command      : report_drc
------------------------------------------------------------------------------------------------------------

Report DRC

Table of Contents
-----------------
1. REPORT SUMMARY
2. REPORT DETAILS

1. REPORT SUMMARY
-----------------
            Netlist: netlist
          Floorplan: design_1
      Design limits: <entire design considered>
           Ruledeck: default
           Max violations: <unlimited>
         Violations found: 13

2. REPORT DETAILS
-----------------
NSTD-1#1 Critical Warning
Unspecified I/O Standard  
52 out of 52 logical ports use I/O standard (IOSTANDARD) value 'DEFAULT', instead of a user assigned specific value. This may cause I/O contention or incompatibility with the board power or connectivity affecting performance, signal integrity or in extreme cases cause damage to the device or the components to which it is connected. To correct this violation, specify all I/O standards. This design will fail to generate a bitstream unless all logical ports have a user specified I/O standard value defined. To allow bitstream creation with unspecified I/O standard values (not recommended), use this command: set_property SEVERITY {Warning} [get_drc_checks NSTD-1].  NOTE: When using the Vivado Runs infrastructure (e.g. launch_runs Tcl command), add this command to a .tcl file and add that file as a pre-hook for write_bitstream step for the implementation run. Problem ports: realVal[15:0], imagVal[15:0], inValid, clk, mag[16:0], magValid.
Related violations: <none>

UCIO-1#1 Critical Warning
Unconstrained Logical Port  
52 out of 52 logical ports have no user assigned specific location constraint (LOC). This may cause I/O contention or incompatibility with the board power or connectivity affecting performance, signal integrity or in extreme cases cause damage to the device or the components to which it is connected. To correct this violation, specify all pin locations. This design will fail to generate a bitstream unless all logical ports have a user specified site LOC constraint defined.  To allow bitstream creation with unspecified pin locations (not recommended), use this command: set_property SEVERITY {Warning} [get_drc_checks UCIO-1].  NOTE: When using the Vivado Runs infrastructure (e.g. launch_runs Tcl command), add this command to a .tcl file and add that file as a pre-hook for write_bitstream step for the implementation run.  Problem ports: realVal[15:0], imagVal[15:0], inValid, clk, mag[16:0], magValid.
Related violations: <none>

CFGBVS-1#1 Warning
Missing CFGBVS and CONFIG_VOLTAGE Design Properties  
Neither the CFGBVS nor CONFIG_VOLTAGE voltage property is set in the current_design.  Configuration bank voltage select (CFGBVS) must be set to VCCO or GND, and CONFIG_VOLTAGE must be set to the correct configuration voltage, in order to determine the I/O voltage support for the pins in bank 0.  It is suggested to specify these either using the 'Edit Device Properties' function in the GUI or directly in the XDC file using the following syntax:

 set_property CFGBVS value1 [current_design]
 #where value1 is either VCCO or GND

 set_property CONFIG_VOLTAGE value2 [current_design]
 #where value2 is the voltage provided to configuration bank 0

Refer to the device configuration user guide for more information.
Related violations: <none>

DPIP-1#1 Warning
Input pipelining  
DSP imagSquare/U0/i_mult/gDSP.gDSP_only.iDSP/inferred_dsp.reg_mult.m_reg_reg input A B  is not pipelined. Pipelining DSP48 input will improve performance. Each input of DSP48 has 2 levels of pipelining.
Related violations: <none>

DPIP-1#2 Warning
Input pipelining  
DSP realSquare/U0/i_mult/gDSP.gDSP_only.iDSP/inferred_dsp.reg_mult.m_reg_reg input A B  is not pipelined. Pipelining DSP48 input will improve performance. Each input of DSP48 has 2 levels of pipelining.
Related violations: <none>

DPIP-1#3 Warning
Input pipelining  
DSP sumOfSquares/U0/xst_addsub/xbip_addsub.i_a_b_nogrowth.i_xbip_addsub/addsub_usecase.i_addsub/i_synth_option.i_synth_model/opt_vx7.i_uniwrap/i_primitive input A B C  is not pipelined. Pipelining DSP48 input will improve performance. Each input of DSP48 has 2 levels of pipelining.
Related violations: <none>

DPOP-1#1 Warning
Output pipelining  
DSP imagSquare/U0/i_mult/gDSP.gDSP_only.iDSP/inferred_dsp.reg_mult.m_reg_reg output P  is not pipelined. Pipelining DSP48 output will improve performance. Both multiplier/adder output can be pipelined.
Related violations: <none>

DPOP-1#2 Warning
Output pipelining  
DSP realSquare/U0/i_mult/gDSP.gDSP_only.iDSP/inferred_dsp.reg_mult.m_reg_reg output P  is not pipelined. Pipelining DSP48 output will improve performance. Both multiplier/adder output can be pipelined.
Related violations: <none>

DPOP-1#3 Warning
Output pipelining  
DSP sumOfSquares/U0/xst_addsub/xbip_addsub.i_a_b_nogrowth.i_xbip_addsub/addsub_usecase.i_addsub/i_synth_option.i_synth_model/opt_vx7.i_uniwrap/i_primitive output P  is not pipelined. Pipelining DSP48 output will improve performance. Both multiplier/adder output can be pipelined.
Related violations: <none>

AVAL-4#1 Advisory
enum_USE_DPORT_FALSE_enum_DREG_ADREG_0_connects_CED_CEAD_RSTD_GND  
imagSquare/U0/i_mult/gDSP.gDSP_only.iDSP/inferred_dsp.reg_mult.m_reg_reg: DSP48E1 is not using the D port (USE_DPORT = FALSE). For improved power characteristics, set DREG and ADREG to '1', tie CED, CEAD, and RSTD to logic '0', and tie all D inputs to logic '1'.
Related violations: <none>

AVAL-4#2 Advisory
enum_USE_DPORT_FALSE_enum_DREG_ADREG_0_connects_CED_CEAD_RSTD_GND  
realSquare/U0/i_mult/gDSP.gDSP_only.iDSP/inferred_dsp.reg_mult.m_reg_reg: DSP48E1 is not using the D port (USE_DPORT = FALSE). For improved power characteristics, set DREG and ADREG to '1', tie CED, CEAD, and RSTD to logic '0', and tie all D inputs to logic '1'.
Related violations: <none>

AVAL-4#3 Advisory
enum_USE_DPORT_FALSE_enum_DREG_ADREG_0_connects_CED_CEAD_RSTD_GND  
sumOfSquares/U0/xst_addsub/xbip_addsub.i_a_b_nogrowth.i_xbip_addsub/addsub_usecase.i_addsub/i_synth_option.i_synth_model/opt_vx7.i_uniwrap/i_primitive: DSP48E1 is not using the D port (USE_DPORT = FALSE). For improved power characteristics, set DREG and ADREG to '1', tie CED, CEAD, and RSTD to logic '0', and tie all D inputs to logic '1'.
Related violations: <none>

AVAL-5#1 Advisory
enum_USE_MULT_NONE_enum_DREG_ADREG_0_connects_CED_CEAD_RSTD_GND  
sumOfSquares/U0/xst_addsub/xbip_addsub.i_a_b_nogrowth.i_xbip_addsub/addsub_usecase.i_addsub/i_synth_option.i_synth_model/opt_vx7.i_uniwrap/i_primitive: DSP48E1 is not using the Multiplier (USE_MULT = NONE). For improved power characteristics, set DREG and ADREG to '1', tie CED, CEAD, and RSTD to logic '0', and tie all D inputs to logic '1'.
Related violations: <none>


