Copyright 1986-2014 Xilinx, Inc. All Rights Reserved.
-----------------------------------------------------------------------------------------------------------------
| Tool Version     : Vivado v.2014.2 (lin64) Build 932637 Wed Jun 11 13:08:52 MDT 2014
| Date             : Mon Apr 20 18:10:22 2015
| Host             : com1549.eecs.utk.edu running 64-bit Red Hat Enterprise Linux Server release 6.5 (Santiago)
| Command          : report_power -file top_level_power_routed.rpt -pb top_level_power_summary_routed.pb
| Design           : top_level
| Device           : xc7a100tcsg324-1
| Design State     : Routed
| Grade            : commercial
| Process          : typical
| Characterization : Production
-----------------------------------------------------------------------------------------------------------------

Power Report

Table of Contents
-----------------
1. Summary
1.1 On-Chip Components
1.2 Power Supply Summary
1.3 Confidence Level
2. Settings
2.1 Environment
2.2 Clock Constraints
3. Detailed Reports
3.1 By Hierarchy

1. Summary
----------

+--------------------------+-------+
| Total On-Chip Power (W)  | 0.377 |
| Dynamic (W)              | 0.279 |
| Device Static (W)        | 0.098 |
| Effective TJA (C/W)      | 4.6   |
| Max Ambient (C)          | 83.3  |
| Junction Temperature (C) | 26.7  |
| Confidence Level         | Low   |
| Setting File             | ---   |
| Simulation Activity File | ---   |
| Design Nets Matched      | NA    |
+--------------------------+-------+


1.1 On-Chip Components
----------------------

+--------------------------+-----------+----------+-----------+-----------------+
| On-Chip                  | Power (W) | Used     | Available | Utilization (%) |
+--------------------------+-----------+----------+-----------+-----------------+
| Clocks                   |     0.020 |       11 |       --- |             --- |
| Slice Logic              |     0.004 |     6011 |       --- |             --- |
|   LUT as Logic           |     0.004 |     2106 |     63400 |            3.32 |
|   Register               |    <0.001 |     2640 |    126800 |            2.08 |
|   LUT as Shift Register  |    <0.001 |      169 |     19000 |            0.88 |
|   CARRY4                 |    <0.001 |      100 |     15850 |            0.63 |
|   LUT as Distributed RAM |    <0.001 |       24 |     19000 |            0.12 |
|   F7/F8 Muxes            |    <0.001 |       69 |     63400 |            0.10 |
|   Others                 |     0.000 |      454 |       --- |             --- |
| Signals                  |     0.004 |     4243 |       --- |             --- |
| Block RAM                |     0.004 |       18 |       135 |           13.33 |
| MMCM                     |     0.221 |        2 |         6 |           33.33 |
| I/O                      |     0.025 |       81 |       210 |           38.57 |
| Static Power             |     0.098 |          |           |                 |
| Total                    |     0.377 |          |           |                 |
+--------------------------+-----------+----------+-----------+-----------------+


1.2 Power Supply Summary
------------------------

+-----------+-------------+-----------+-------------+------------+
| Source    | Voltage (V) | Total (A) | Dynamic (A) | Static (A) |
+-----------+-------------+-----------+-------------+------------+
| Vccint    |       1.000 |     0.049 |       0.033 |      0.016 |
| Vccaux    |       1.800 |     0.141 |       0.123 |      0.018 |
| Vcco33    |       3.300 |     0.011 |       0.007 |      0.004 |
| Vcco25    |       2.500 |     0.000 |       0.000 |      0.000 |
| Vcco18    |       1.800 |     0.000 |       0.000 |      0.000 |
| Vcco15    |       1.500 |     0.000 |       0.000 |      0.000 |
| Vcco135   |       1.350 |     0.000 |       0.000 |      0.000 |
| Vcco12    |       1.200 |     0.000 |       0.000 |      0.000 |
| Vccaux_io |       0.000 |     0.000 |       0.000 |      0.000 |
| Vccbram   |       1.000 |     0.001 |       0.000 |      0.000 |
| MGTAVcc   |       1.000 |     0.000 |       0.000 |      0.000 |
| MGTAVtt   |       1.200 |     0.000 |       0.000 |      0.000 |
| Vccadc    |       1.800 |     0.020 |       0.000 |      0.020 |
+-----------+-------------+-----------+-------------+------------+


1.3 Confidence Level
--------------------

+-----------------------------+------------+--------------------------------------------------------+------------------------------------------------------------------------------------------------------------+
| User Input Data             | Confidence | Details                                                | Action                                                                                                     |
+-----------------------------+------------+--------------------------------------------------------+------------------------------------------------------------------------------------------------------------+
| Design implementation state | High       | Design is routed                                       |                                                                                                            |
| Clock nodes activity        | High       | User specified more than 95% of clocks                 |                                                                                                            |
| I/O nodes activity          | Low        | More than 75% of inputs are missing user specification | Provide missing input activity with simulation results or by editing the "By Resource Type -> I/Os" view   |
| Internal nodes activity     | Medium     | User specified less than 25% of internal nodes         | Provide missing internal nodes activity with simulation results or by editing the "By Resource Type" views |
| Device models               | High       | Device models are Production                           |                                                                                                            |
|                             |            |                                                        |                                                                                                            |
| Overall confidence level    | Low        |                                                        |                                                                                                            |
+-----------------------------+------------+--------------------------------------------------------+------------------------------------------------------------------------------------------------------------+


2. Settings
-----------

2.1 Environment
---------------

+-----------------------+--------------------------+
| Ambient Temp (C)      | 25.0                     |
| ThetaJA (C/W)         | 4.6                      |
| Airflow (LFM)         | 250                      |
| Heat Sink             | medium (Medium Profile)  |
| ThetaSA (C/W)         | 4.6                      |
| Board Selection       | medium (10"x10")         |
| # of Board Layers     | 12to15 (12 to 15 Layers) |
| Board Temperature (C) | 25.0                     |
+-----------------------+--------------------------+


2.2 Clock Constraints
---------------------

+---------------------------------------------------------+-------------------------------------------+-----------------+
| Clock                                                   | Domain                                    | Constraint (ns) |
+---------------------------------------------------------+-------------------------------------------+-----------------+
| sys_clk_pin                                             | clk                                       |            10.0 |
| sys_clk_pin                                             | xlnx_opt__1                               |            10.0 |
| clk_out3_clk_wiz_0                                      | clk_debug/U0/clk_out3_clk_wiz_0           |            20.0 |
| clkfbout_clk_wiz_0                                      | clk_debug/U0/clkfbout_clk_wiz_0           |            10.0 |
| clk_out1_clk_wiz_0                                      | clk_debug/U0/clk_out1_clk_wiz_0           |             5.0 |
| clk_25out_clk_wiz_vga                                   | vga_comp/clk_wiz/U0/clk_25out_clk_wiz_vga |            40.0 |
| clkfbout_clk_wiz_vga                                    | vga_comp/clk_wiz/U0/clkfbout_clk_wiz_vga  |            40.0 |
| dbg_hub/inst/bscan_inst/SERIES7_BSCAN.bscan_inst/DRCK   | dbg_hub/inst/bscan_inst/DRCK              |            30.0 |
| dbg_hub/inst/bscan_inst/SERIES7_BSCAN.bscan_inst/UPDATE | dbg_hub/inst/bscan_inst/UPDATE            |            60.0 |
+---------------------------------------------------------+-------------------------------------------+-----------------+


3. Detailed Reports
-------------------

3.1 By Hierarchy
----------------

+-------------------------------------------------------------------------------------------+-----------+
| Name                                                                                      | Power (W) |
+-------------------------------------------------------------------------------------------+-----------+
| top_level                                                                                 |     0.279 |
|   clk_debug                                                                               |     0.106 |
|     U0                                                                                    |     0.106 |
|   dbg_hub                                                                                 |     0.005 |
|     inst                                                                                  |     0.005 |
|       UUT_MASTER                                                                          |     0.005 |
|         U_ICON_INTERFACE                                                                  |     0.003 |
|           U_CMD1                                                                          |    <0.001 |
|           U_CMD2                                                                          |    <0.001 |
|           U_CMD3                                                                          |    <0.001 |
|           U_CMD4                                                                          |    <0.001 |
|           U_CMD5                                                                          |    <0.001 |
|           U_CMD6_RD                                                                       |    <0.001 |
|             U_RD_FIFO                                                                     |    <0.001 |
|               SUBCORE_FIFO.xsdb_rdfifo_inst                                               |    <0.001 |
|                 inst_fifo_gen                                                             |    <0.001 |
|                   gconvfifo.rf                                                            |    <0.001 |
|                     grf.rf                                                                |    <0.001 |
|                       gntv_or_sync_fifo.gcx.clkx                                          |    <0.001 |
|                         gsync_stage[1].rd_stg_inst                                        |    <0.001 |
|                         gsync_stage[1].wr_stg_inst                                        |    <0.001 |
|                         gsync_stage[2].rd_stg_inst                                        |    <0.001 |
|                         gsync_stage[2].wr_stg_inst                                        |    <0.001 |
|                       gntv_or_sync_fifo.gl0.rd                                            |    <0.001 |
|                         gr1.rfwft                                                         |    <0.001 |
|                         gras.rsts                                                         |    <0.001 |
|                         rpntr                                                             |    <0.001 |
|                       gntv_or_sync_fifo.gl0.wr                                            |    <0.001 |
|                         gwas.wsts                                                         |    <0.001 |
|                         wpntr                                                             |    <0.001 |
|                       gntv_or_sync_fifo.mem                                               |    <0.001 |
|                         gdm.dm                                                            |    <0.001 |
|                           RAM_reg_0_15_0_5                                                |    <0.001 |
|                           RAM_reg_0_15_12_15                                              |    <0.001 |
|                           RAM_reg_0_15_6_11                                               |    <0.001 |
|                       rstblk                                                              |    <0.001 |
|           U_CMD6_WR                                                                       |    <0.001 |
|             U_WR_FIFO                                                                     |    <0.001 |
|               SUBCORE_FIFO.xsdb_wrfifo_inst                                               |    <0.001 |
|                 inst_fifo_gen                                                             |    <0.001 |
|                   gconvfifo.rf                                                            |    <0.001 |
|                     grf.rf                                                                |    <0.001 |
|                       gntv_or_sync_fifo.gcx.clkx                                          |    <0.001 |
|                         gsync_stage[1].rd_stg_inst                                        |    <0.001 |
|                         gsync_stage[1].wr_stg_inst                                        |    <0.001 |
|                         gsync_stage[2].rd_stg_inst                                        |    <0.001 |
|                         gsync_stage[2].wr_stg_inst                                        |    <0.001 |
|                       gntv_or_sync_fifo.gl0.rd                                            |    <0.001 |
|                         gras.rsts                                                         |    <0.001 |
|                         rpntr                                                             |    <0.001 |
|                       gntv_or_sync_fifo.gl0.wr                                            |    <0.001 |
|                         gwas.wsts                                                         |    <0.001 |
|                         wpntr                                                             |    <0.001 |
|                       gntv_or_sync_fifo.mem                                               |    <0.001 |
|                         gdm.dm                                                            |    <0.001 |
|                           RAM_reg_0_15_0_5                                                |    <0.001 |
|                           RAM_reg_0_15_12_15                                              |    <0.001 |
|                           RAM_reg_0_15_6_11                                               |    <0.001 |
|                       rstblk                                                              |    <0.001 |
|           U_CMD7_CTL                                                                      |    <0.001 |
|           U_CMD7_STAT                                                                     |    <0.001 |
|           U_STATIC_STATUS                                                                 |    <0.001 |
|         U_XSDB_ADDRESS_CONTROLLER                                                         |    <0.001 |
|         U_XSDB_BURST_WD_LEN_CONTROLLER                                                    |    <0.001 |
|         U_XSDB_BUS_CONTROLLER                                                             |     0.001 |
|           U_CLR_ERROR_FLAG                                                                |    <0.001 |
|           U_RD_ABORT_FLAG                                                                 |    <0.001 |
|           U_RD_REQ_FLAG                                                                   |    <0.001 |
|           U_TIMER                                                                         |    <0.001 |
|         U_XSDB_BUS_MSTR2SL_PORT_IFACE                                                     |    <0.001 |
|           U_RD_DIN_BUS_MUX                                                                |    <0.001 |
|       U_ICON                                                                              |    <0.001 |
|         U_CMD                                                                             |    <0.001 |
|         U_STAT                                                                            |    <0.001 |
|         U_SYNC                                                                            |    <0.001 |
|       bscan_inst                                                                          |    <0.001 |
|   decoder                                                                                 |    <0.001 |
|   disp_draw_inst                                                                          |     0.001 |
|     mag_inst                                                                              |     0.000 |
|       imagSquare                                                                          |     0.000 |
|         U0                                                                                |     0.000 |
|           i_mult                                                                          |     0.000 |
|             gDSP.gDSP_only.iDSP                                                           |     0.000 |
|               inferred_dsp.Pdelay                                                         |     0.000 |
|       magSqRt                                                                             |     0.000 |
|         U0                                                                                |     0.000 |
|       realSquare                                                                          |     0.000 |
|         U0                                                                                |     0.000 |
|           i_mult                                                                          |     0.000 |
|             gDSP.gDSP_only.iDSP                                                           |     0.000 |
|               inferred_dsp.Pdelay                                                         |     0.000 |
|       sumOfSquares                                                                        |     0.000 |
|         U0                                                                                |     0.000 |
|   divide                                                                                  |    <0.001 |
|   fft                                                                                     |    <0.001 |
|     U0                                                                                    |    <0.001 |
|       i_synth                                                                             |    <0.001 |
|         axi_wrapper                                                                       |    <0.001 |
|           config_channel_fifo                                                             |    <0.001 |
|             gen_non_real_time.data_in_fifo_pt1                                            |    <0.001 |
|               fifo0                                                                       |    <0.001 |
|           data_in_channel_fifo                                                            |    <0.001 |
|             gen_non_real_time.data_in_fifo_pt1                                            |    <0.001 |
|               fifo0                                                                       |    <0.001 |
|           data_out_channel                                                                |    <0.001 |
|             gen_non_real_time.fifo                                                        |    <0.001 |
|               fifo0                                                                       |    <0.001 |
|           gen_status_channel.status_fifo                                                  |    <0.001 |
|             gen_non_real_time.fifo                                                        |    <0.001 |
|               fifo0                                                                       |    <0.001 |
|         xfft_inst                                                                         |    <0.001 |
|           non_floating_point.arch_b.xfft_inst                                             |    <0.001 |
|             control                                                                       |    <0.001 |
|               control                                                                     |    <0.001 |
|                 has_unload.unloading_state                                                |    <0.001 |
|                 loading_state                                                             |    <0.001 |
|                 nat_out_xk_index.no_cyclic_prefix.xk_index_counter                        |    <0.001 |
|                   cnt_async                                                               |     0.000 |
|                     i_baseblox.i_baseblox_addsub                                          |     0.000 |
|                       no_pipelining.the_addsub                                            |     0.000 |
|                         i_lut6.i_lut6_addsub                                              |     0.000 |
|                   threshold                                                               |     0.000 |
|                 need_output_sclr.sclr_register                                            |    <0.001 |
|                 pe_cnt                                                                    |    <0.001 |
|                   cnt_async                                                               |    <0.001 |
|                     i_baseblox.i_baseblox_addsub                                          |    <0.001 |
|                       no_pipelining.the_addsub                                            |    <0.001 |
|                         i_lut6.i_lut6_addsub                                              |    <0.001 |
|                   threshold                                                               |     0.000 |
|                 processing_state                                                          |    <0.001 |
|                 rank_0_cnt                                                                |    <0.001 |
|                   cnt_async                                                               |     0.000 |
|                     i_baseblox.i_baseblox_addsub                                          |     0.000 |
|                       no_pipelining.the_addsub                                            |     0.000 |
|                         i_lut6.i_lut6_addsub                                              |     0.000 |
|                 rn_0_cnt                                                                  |    <0.001 |
|                   cnt_async                                                               |     0.000 |
|                     i_baseblox.i_baseblox_addsub                                          |     0.000 |
|                       no_pipelining.the_addsub                                            |     0.000 |
|                         i_lut6.i_lut6_addsub                                              |     0.000 |
|                   threshold                                                               |     0.000 |
|                 xn_index_counter                                                          |    <0.001 |
|                   cnt_async                                                               |     0.000 |
|                     i_baseblox.i_baseblox_addsub                                          |     0.000 |
|                       no_pipelining.the_addsub                                            |     0.000 |
|                         i_lut6.i_lut6_addsub                                              |     0.000 |
|                   threshold                                                               |     0.000 |
|               delay_line_for_dv3                                                          |    <0.001 |
|                 no_sclr_lut.real_shift_ram.use_baseblock.not_use_hlutnm_srls.i_shift_ram  |    <0.001 |
|                   i_bb_inst                                                               |    <0.001 |
|                     gen_output_regs.output_regs                                           |    <0.001 |
|             single_channel.datapath                                                       |     0.000 |
|               pe                                                                          |     0.000 |
|                 mult_gen.Mult1                                                            |     0.000 |
|                   i_cmpy                                                                  |     0.000 |
|                     three_mult_structure.use_dsp.i_dsp48                                  |     0.000 |
|                       dsp_preadder_1.reg_bi_inv                                           |     0.000 |
|                       dsp_preadder_1.reg_mult1_preadd_sum                                 |     0.000 |
|                       dsp_preadder_3.reg_br_inv                                           |     0.000 |
|                       dsp_preadder_3.reg_mult3_preadd_d                                   |     0.000 |
|                       dsp_preadder_3.reg_mult3_preadd_sum                                 |     0.000 |
|                       mult1_preadder_d_plus_a.mult1                                       |     0.000 |
|                         mult                                                              |     0.000 |
|                           use_prim.appDSP48[0].bppDSP48[0].need_output_delay.output_delay |     0.000 |
|                       mult2_preadder_d_plus_a.mult2                                       |     0.000 |
|                         mult                                                              |     0.000 |
|                           use_prim.appDSP48[0].bppDSP48[0].need_output_delay.output_delay |     0.000 |
|                           use_prim.iAdelx[0].iAdely[0].use_delay_line.Adelay              |     0.000 |
|                           use_prim.iBdelx[0].iBdely[0].need_delay_line.Bdelay             |     0.000 |
|                       mult3_preadder_d_minus_a.mult3                                      |     0.000 |
|                         mult                                                              |     0.000 |
|                           use_prim.appDSP48[0].bppDSP48[0].need_output_delay.output_delay |     0.000 |
|                       pi_post_delay                                                       |     0.000 |
|                       pr_post_delay                                                       |     0.000 |
|                 mult_gen.Mult2                                                            |     0.000 |
|                   i_cmpy                                                                  |     0.000 |
|                     three_mult_structure.use_dsp.i_dsp48                                  |     0.000 |
|                       dsp_preadder_1.reg_bi_inv                                           |     0.000 |
|                       dsp_preadder_1.reg_mult1_preadd_sum                                 |     0.000 |
|                       dsp_preadder_3.reg_br_inv                                           |     0.000 |
|                       dsp_preadder_3.reg_mult3_preadd_d                                   |     0.000 |
|                       dsp_preadder_3.reg_mult3_preadd_sum                                 |     0.000 |
|                       mult1_preadder_d_plus_a.mult1                                       |     0.000 |
|                         mult                                                              |     0.000 |
|                           use_prim.appDSP48[0].bppDSP48[0].need_output_delay.output_delay |     0.000 |
|                       mult2_preadder_d_plus_a.mult2                                       |     0.000 |
|                         mult                                                              |     0.000 |
|                           use_prim.appDSP48[0].bppDSP48[0].need_output_delay.output_delay |     0.000 |
|                           use_prim.iAdelx[0].iAdely[0].use_delay_line.Adelay              |     0.000 |
|                           use_prim.iBdelx[0].iBdely[0].need_delay_line.Bdelay             |     0.000 |
|                       mult3_preadder_d_minus_a.mult3                                      |     0.000 |
|                         mult                                                              |     0.000 |
|                           use_prim.appDSP48[0].bppDSP48[0].need_output_delay.output_delay |     0.000 |
|                       pi_post_delay                                                       |     0.000 |
|                       pr_post_delay                                                       |     0.000 |
|                 mult_gen.Mult3                                                            |     0.000 |
|                   i_cmpy                                                                  |     0.000 |
|                     three_mult_structure.use_dsp.i_dsp48                                  |     0.000 |
|                       dsp_preadder_1.reg_bi_inv                                           |     0.000 |
|                       dsp_preadder_1.reg_mult1_preadd_sum                                 |     0.000 |
|                       dsp_preadder_3.reg_br_inv                                           |     0.000 |
|                       dsp_preadder_3.reg_mult3_preadd_d                                   |     0.000 |
|                       dsp_preadder_3.reg_mult3_preadd_sum                                 |     0.000 |
|                       mult1_preadder_d_plus_a.mult1                                       |     0.000 |
|                         mult                                                              |     0.000 |
|                           use_prim.appDSP48[0].bppDSP48[0].need_output_delay.output_delay |     0.000 |
|                       mult2_preadder_d_plus_a.mult2                                       |     0.000 |
|                         mult                                                              |     0.000 |
|                           use_prim.appDSP48[0].bppDSP48[0].need_output_delay.output_delay |     0.000 |
|                           use_prim.iAdelx[0].iAdely[0].use_delay_line.Adelay              |     0.000 |
|                           use_prim.iBdelx[0].iBdely[0].need_delay_line.Bdelay             |     0.000 |
|                       mult3_preadder_d_minus_a.mult3                                      |     0.000 |
|                         mult                                                              |     0.000 |
|                           use_prim.appDSP48[0].bppDSP48[0].need_output_delay.output_delay |     0.000 |
|                       pi_post_delay                                                       |     0.000 |
|                       pr_post_delay                                                       |     0.000 |
|   fft_fsm                                                                                 |    <0.001 |
|   fft_ram                                                                                 |     0.000 |
|     U0                                                                                    |     0.000 |
|   input_ram                                                                               |     0.000 |
|     U0                                                                                    |     0.000 |
|   pulse30Hz                                                                               |     0.000 |
|     U0                                                                                    |     0.000 |
|   u_ila_0                                                                                 |     0.020 |
|     inst                                                                                  |     0.020 |
|       ila_core_inst                                                                       |     0.020 |
|         ila_trace_memory_inst                                                             |     0.003 |
|           SUBCORE_RAM_BLK_MEM_1.trace_block_memory                                        |     0.003 |
|             inst_blk_mem_gen                                                              |     0.003 |
|               gnativebmg.native_blk_mem_gen                                               |     0.003 |
|                 valid.cstr                                                                |     0.003 |
|                   has_mux_b.B                                                             |    <0.001 |
|                   ramloop[0].ram.r                                                        |    <0.001 |
|                     prim_noinit.ram                                                       |    <0.001 |
|                   ramloop[10].ram.r                                                       |    <0.001 |
|                     prim_noinit.ram                                                       |    <0.001 |
|                   ramloop[11].ram.r                                                       |    <0.001 |
|                     prim_noinit.ram                                                       |    <0.001 |
|                   ramloop[12].ram.r                                                       |    <0.001 |
|                     prim_noinit.ram                                                       |    <0.001 |
|                   ramloop[13].ram.r                                                       |    <0.001 |
|                     prim_noinit.ram                                                       |    <0.001 |
|                   ramloop[14].ram.r                                                       |    <0.001 |
|                     prim_noinit.ram                                                       |    <0.001 |
|                   ramloop[15].ram.r                                                       |    <0.001 |
|                     prim_noinit.ram                                                       |    <0.001 |
|                   ramloop[16].ram.r                                                       |    <0.001 |
|                     prim_noinit.ram                                                       |    <0.001 |
|                   ramloop[1].ram.r                                                        |    <0.001 |
|                     prim_noinit.ram                                                       |    <0.001 |
|                   ramloop[2].ram.r                                                        |    <0.001 |
|                     prim_noinit.ram                                                       |    <0.001 |
|                   ramloop[3].ram.r                                                        |    <0.001 |
|                     prim_noinit.ram                                                       |    <0.001 |
|                   ramloop[4].ram.r                                                        |    <0.001 |
|                     prim_noinit.ram                                                       |    <0.001 |
|                   ramloop[5].ram.r                                                        |    <0.001 |
|                     prim_noinit.ram                                                       |    <0.001 |
|                   ramloop[6].ram.r                                                        |    <0.001 |
|                     prim_noinit.ram                                                       |    <0.001 |
|                   ramloop[7].ram.r                                                        |    <0.001 |
|                     prim_noinit.ram                                                       |    <0.001 |
|                   ramloop[8].ram.r                                                        |    <0.001 |
|                     prim_noinit.ram                                                       |    <0.001 |
|                   ramloop[9].ram.r                                                        |    <0.001 |
|                     prim_noinit.ram                                                       |    <0.001 |
|         u_ila_cap_ctrl                                                                    |     0.002 |
|           U_CDONE                                                                         |    <0.001 |
|           U_NS0                                                                           |    <0.001 |
|           U_NS1                                                                           |    <0.001 |
|           u_cap_addrgen                                                                   |     0.002 |
|             U_CMPRESET                                                                    |    <0.001 |
|             u_cap_sample_counter                                                          |    <0.001 |
|               U_SCE                                                                       |    <0.001 |
|               U_SCMPCE                                                                    |    <0.001 |
|               U_SCRST                                                                     |    <0.001 |
|               u_scnt_cmp                                                                  |    <0.001 |
|                 allx_typeA_match_detection.cs_allx_typeA_inst                             |    <0.001 |
|                   DUT                                                                     |    <0.001 |
|                     I_WHOLE_SLICE.G_SLICE_IDX[0].U_ALL_SRL_SLICE                          |    <0.001 |
|                       u_srlA                                                              |    <0.001 |
|                       u_srlB                                                              |    <0.001 |
|                       u_srlC                                                              |    <0.001 |
|                       u_srlD                                                              |    <0.001 |
|                     I_WHOLE_SLICE.G_SLICE_IDX[1].U_ALL_SRL_SLICE                          |    <0.001 |
|                       u_srlA                                                              |    <0.001 |
|                       u_srlB                                                              |    <0.001 |
|                       u_srlC                                                              |    <0.001 |
|                       u_srlD                                                              |    <0.001 |
|             u_cap_window_counter                                                          |    <0.001 |
|               U_WCE                                                                       |    <0.001 |
|               U_WHCMPCE                                                                   |    <0.001 |
|               U_WLCMPCE                                                                   |    <0.001 |
|               u_wcnt_hcmp                                                                 |    <0.001 |
|                 allx_typeA_match_detection.cs_allx_typeA_inst                             |    <0.001 |
|                   DUT                                                                     |    <0.001 |
|                     I_WHOLE_SLICE.G_SLICE_IDX[0].U_ALL_SRL_SLICE                          |    <0.001 |
|                       u_srlA                                                              |    <0.001 |
|                       u_srlB                                                              |    <0.001 |
|                       u_srlC                                                              |    <0.001 |
|                       u_srlD                                                              |    <0.001 |
|                     I_WHOLE_SLICE.G_SLICE_IDX[1].U_ALL_SRL_SLICE                          |    <0.001 |
|                       u_srlA                                                              |    <0.001 |
|                       u_srlB                                                              |    <0.001 |
|                       u_srlC                                                              |    <0.001 |
|                       u_srlD                                                              |    <0.001 |
|               u_wcnt_lcmp                                                                 |    <0.001 |
|                 allx_typeA_match_detection.cs_allx_typeA_inst                             |    <0.001 |
|                   DUT                                                                     |    <0.001 |
|                     I_WHOLE_SLICE.G_SLICE_IDX[0].U_ALL_SRL_SLICE                          |    <0.001 |
|                       u_srlA                                                              |    <0.001 |
|                       u_srlB                                                              |    <0.001 |
|                       u_srlC                                                              |    <0.001 |
|                       u_srlD                                                              |    <0.001 |
|                     I_WHOLE_SLICE.G_SLICE_IDX[1].U_ALL_SRL_SLICE                          |    <0.001 |
|                       u_srlA                                                              |    <0.001 |
|                       u_srlB                                                              |    <0.001 |
|                       u_srlC                                                              |    <0.001 |
|                       u_srlD                                                              |    <0.001 |
|         u_ila_regs                                                                        |     0.007 |
|           MU_SRL[0].mu_srl_reg                                                            |    <0.001 |
|           MU_SRL[1].mu_srl_reg                                                            |    <0.001 |
|           MU_SRL[2].mu_srl_reg                                                            |    <0.001 |
|           MU_SRL[3].mu_srl_reg                                                            |    <0.001 |
|           MU_SRL[4].mu_srl_reg                                                            |    <0.001 |
|           MU_SRL[5].mu_srl_reg                                                            |    <0.001 |
|           MU_SRL[6].mu_srl_reg                                                            |    <0.001 |
|           MU_SRL[7].mu_srl_reg                                                            |    <0.001 |
|           MU_SRL[8].mu_srl_reg                                                            |    <0.001 |
|           MU_STATUS[0].mu_width_reg                                                       |    <0.001 |
|             I_EN_STAT_EQ1.U_STAT                                                          |    <0.001 |
|           MU_STATUS[1].mu_width_reg                                                       |    <0.001 |
|             I_EN_STAT_EQ1.U_STAT                                                          |    <0.001 |
|           MU_STATUS[2].mu_tpid_reg                                                        |    <0.001 |
|             I_EN_STAT_EQ1.U_STAT                                                          |    <0.001 |
|           MU_STATUS[3].mu_tpid_reg                                                        |    <0.001 |
|             I_EN_STAT_EQ1.U_STAT                                                          |    <0.001 |
|           MU_STATUS[4].mu_tpid_reg                                                        |    <0.001 |
|             I_EN_STAT_EQ1.U_STAT                                                          |    <0.001 |
|           MU_STATUS[4].mu_width_reg                                                       |    <0.001 |
|             I_EN_STAT_EQ1.U_STAT                                                          |    <0.001 |
|           MU_STATUS[5].mu_tpid_reg                                                        |    <0.001 |
|             I_EN_STAT_EQ1.U_STAT                                                          |    <0.001 |
|           MU_STATUS[6].mu_width_reg                                                       |    <0.001 |
|             I_EN_STAT_EQ1.U_STAT                                                          |    <0.001 |
|           MU_STATUS[7].mu_tpid_reg                                                        |    <0.001 |
|             I_EN_STAT_EQ1.U_STAT                                                          |    <0.001 |
|           TC_SRL[0].tc_srl_reg                                                            |    <0.001 |
|           U_XSDB_SLAVE                                                                    |    <0.001 |
|           reg_0                                                                           |    <0.001 |
|             I_EN_STAT_EQ1.U_STAT                                                          |    <0.001 |
|           reg_1                                                                           |    <0.001 |
|             I_EN_STAT_EQ1.U_STAT                                                          |    <0.001 |
|           reg_10                                                                          |    <0.001 |
|             I_EN_STAT_EQ1.U_STAT                                                          |    <0.001 |
|           reg_11                                                                          |    <0.001 |
|             I_EN_STAT_EQ1.U_STAT                                                          |    <0.001 |
|           reg_13                                                                          |    <0.001 |
|             I_EN_STAT_EQ1.U_STAT                                                          |    <0.001 |
|           reg_14                                                                          |    <0.001 |
|             I_EN_STAT_EQ1.U_STAT                                                          |    <0.001 |
|           reg_15                                                                          |    <0.001 |
|             I_EN_CTL_EQ1.U_CTL                                                            |    <0.001 |
|           reg_16                                                                          |    <0.001 |
|             I_EN_CTL_EQ1.U_CTL                                                            |    <0.001 |
|           reg_17                                                                          |    <0.001 |
|             I_EN_CTL_EQ1.U_CTL                                                            |    <0.001 |
|           reg_18                                                                          |    <0.001 |
|             I_EN_CTL_EQ1.U_CTL                                                            |    <0.001 |
|           reg_19                                                                          |    <0.001 |
|             I_EN_CTL_EQ1.U_CTL                                                            |    <0.001 |
|           reg_1a                                                                          |    <0.001 |
|             I_EN_CTL_EQ1.U_CTL                                                            |    <0.001 |
|           reg_2                                                                           |    <0.001 |
|             I_EN_STAT_EQ1.U_STAT                                                          |    <0.001 |
|           reg_3                                                                           |    <0.001 |
|             I_EN_STAT_EQ1.U_STAT                                                          |    <0.001 |
|           reg_4                                                                           |    <0.001 |
|             I_EN_STAT_EQ1.U_STAT                                                          |    <0.001 |
|           reg_6                                                                           |    <0.001 |
|             I_EN_CTL_EQ1.U_CTL                                                            |    <0.001 |
|           reg_7                                                                           |    <0.001 |
|             I_EN_CTL_EQ1.U_CTL                                                            |    <0.001 |
|           reg_8                                                                           |    <0.001 |
|             I_EN_STAT_EQ1.U_STAT                                                          |    <0.001 |
|           reg_80                                                                          |    <0.001 |
|             I_EN_CTL_EQ1.U_CTL                                                            |    <0.001 |
|           reg_81                                                                          |    <0.001 |
|             I_EN_CTL_EQ1.U_CTL                                                            |    <0.001 |
|           reg_82                                                                          |    <0.001 |
|             I_EN_CTL_EQ1.U_CTL                                                            |    <0.001 |
|           reg_83                                                                          |    <0.001 |
|             I_EN_CTL_EQ1.U_CTL                                                            |    <0.001 |
|           reg_84                                                                          |    <0.001 |
|             I_EN_CTL_EQ1.U_CTL                                                            |    <0.001 |
|           reg_85                                                                          |    <0.001 |
|             I_EN_CTL_EQ1.U_CTL                                                            |    <0.001 |
|           reg_88d                                                                         |    <0.001 |
|             I_EN_STAT_EQ1.U_STAT                                                          |    <0.001 |
|           reg_88f                                                                         |    <0.001 |
|             I_EN_STAT_EQ1.U_STAT                                                          |    <0.001 |
|           reg_9                                                                           |    <0.001 |
|             I_EN_STAT_EQ1.U_STAT                                                          |    <0.001 |
|           reg_a                                                                           |    <0.001 |
|             I_EN_STAT_EQ1.U_STAT                                                          |    <0.001 |
|           reg_b                                                                           |    <0.001 |
|             I_EN_STAT_EQ1.U_STAT                                                          |    <0.001 |
|           reg_c                                                                           |    <0.001 |
|             I_EN_STAT_EQ1.U_STAT                                                          |    <0.001 |
|           reg_d                                                                           |    <0.001 |
|             I_EN_STAT_EQ1.U_STAT                                                          |    <0.001 |
|           reg_e                                                                           |    <0.001 |
|             I_EN_STAT_EQ1.U_STAT                                                          |    <0.001 |
|           reg_f                                                                           |    <0.001 |
|             I_EN_STAT_EQ1.U_STAT                                                          |    <0.001 |
|           reg_srl_fff                                                                     |    <0.001 |
|           reg_stream_ffd                                                                  |    <0.001 |
|             I_EN_CTL_EQ1.U_CTL                                                            |    <0.001 |
|           reg_stream_ffe                                                                  |    <0.001 |
|             I_EN_STAT_EQ1.U_STAT                                                          |    <0.001 |
|         u_ila_reset_ctrl                                                                  |    <0.001 |
|           arm_detection_inst                                                              |    <0.001 |
|           asyncrounous_transfer.arm_in_transfer_inst                                      |    <0.001 |
|           asyncrounous_transfer.arm_out_transfer_inst                                     |    <0.001 |
|           asyncrounous_transfer.halt_in_transfer_inst                                     |    <0.001 |
|           asyncrounous_transfer.halt_out_transfer_inst                                    |    <0.001 |
|           halt_detection_inst                                                             |    <0.001 |
|         u_trig                                                                            |     0.004 |
|           U_TM                                                                            |     0.003 |
|             G_NMU[0].U_M                                                                  |    <0.001 |
|               allx_typeA_match_detection.cs_allx_typeA_inst                               |    <0.001 |
|                 DUT                                                                       |    <0.001 |
|                   I_WHOLE_SLICE.G_SLICE_IDX[0].U_ALL_SRL_SLICE                            |    <0.001 |
|                     u_srlA                                                                |    <0.001 |
|                     u_srlB                                                                |    <0.001 |
|                     u_srlC                                                                |    <0.001 |
|                     u_srlD                                                                |    <0.001 |
|                   I_WHOLE_SLICE.G_SLICE_IDX[1].U_ALL_SRL_SLICE                            |    <0.001 |
|                     u_srlA                                                                |    <0.001 |
|                     u_srlB                                                                |    <0.001 |
|                     u_srlC                                                                |    <0.001 |
|                     u_srlD                                                                |    <0.001 |
|             G_NMU[1].U_M                                                                  |    <0.001 |
|               allx_typeA_match_detection.cs_allx_typeA_inst                               |    <0.001 |
|                 DUT                                                                       |    <0.001 |
|                   I_WHOLE_SLICE.G_SLICE_IDX[0].U_ALL_SRL_SLICE                            |    <0.001 |
|                     u_srlA                                                                |    <0.001 |
|                     u_srlB                                                                |    <0.001 |
|                     u_srlC                                                                |    <0.001 |
|                     u_srlD                                                                |    <0.001 |
|                   I_WHOLE_SLICE.G_SLICE_IDX[1].U_ALL_SRL_SLICE                            |    <0.001 |
|                     u_srlA                                                                |    <0.001 |
|                     u_srlB                                                                |    <0.001 |
|                     u_srlC                                                                |    <0.001 |
|                     u_srlD                                                                |    <0.001 |
|             G_NMU[2].U_M                                                                  |    <0.001 |
|               allx_typeA_match_detection.cs_allx_typeA_inst                               |    <0.001 |
|                 DUT                                                                       |    <0.001 |
|                   I_WHOLE_SLICE.G_SLICE_IDX[0].U_ALL_SRL_SLICE                            |    <0.001 |
|                     u_srlA                                                                |    <0.001 |
|                     u_srlB                                                                |    <0.001 |
|                     u_srlC                                                                |    <0.001 |
|                     u_srlD                                                                |    <0.001 |
|                   I_WHOLE_SLICE.G_SLICE_IDX[1].U_ALL_SRL_SLICE                            |    <0.001 |
|                     u_srlA                                                                |    <0.001 |
|                     u_srlB                                                                |    <0.001 |
|                     u_srlC                                                                |    <0.001 |
|                     u_srlD                                                                |    <0.001 |
|             G_NMU[3].U_M                                                                  |    <0.001 |
|               allx_typeA_match_detection.cs_allx_typeA_inst                               |    <0.001 |
|                 DUT                                                                       |    <0.001 |
|                   I_WHOLE_SLICE.G_SLICE_IDX[0].U_ALL_SRL_SLICE                            |    <0.001 |
|                     u_srlA                                                                |    <0.001 |
|                     u_srlB                                                                |    <0.001 |
|                     u_srlC                                                                |    <0.001 |
|                     u_srlD                                                                |    <0.001 |
|                   I_WHOLE_SLICE.G_SLICE_IDX[1].U_ALL_SRL_SLICE                            |    <0.001 |
|                     u_srlA                                                                |    <0.001 |
|                     u_srlB                                                                |    <0.001 |
|                     u_srlC                                                                |    <0.001 |
|                     u_srlD                                                                |    <0.001 |
|             G_NMU[4].U_M                                                                  |    <0.001 |
|               allx_typeA_match_detection.cs_allx_typeA_inst                               |    <0.001 |
|                 DUT                                                                       |    <0.001 |
|                   I_WHOLE_SLICE.G_SLICE_IDX[0].U_ALL_SRL_SLICE                            |    <0.001 |
|                     u_srlA                                                                |    <0.001 |
|                     u_srlB                                                                |    <0.001 |
|                     u_srlC                                                                |    <0.001 |
|                     u_srlD                                                                |    <0.001 |
|             G_NMU[5].U_M                                                                  |    <0.001 |
|               allx_typeA_match_detection.cs_allx_typeA_inst                               |    <0.001 |
|                 DUT                                                                       |    <0.001 |
|                   I_WHOLE_SLICE.G_SLICE_IDX[0].U_ALL_SRL_SLICE                            |    <0.001 |
|                     u_srlA                                                                |    <0.001 |
|                     u_srlB                                                                |    <0.001 |
|                     u_srlC                                                                |    <0.001 |
|                     u_srlD                                                                |    <0.001 |
|                   I_WHOLE_SLICE.G_SLICE_IDX[1].U_ALL_SRL_SLICE                            |    <0.001 |
|                     u_srlA                                                                |    <0.001 |
|                     u_srlB                                                                |    <0.001 |
|                     u_srlC                                                                |    <0.001 |
|                     u_srlD                                                                |    <0.001 |
|             G_NMU[6].U_M                                                                  |    <0.001 |
|               allx_typeA_match_detection.cs_allx_typeA_inst                               |    <0.001 |
|                 DUT                                                                       |    <0.001 |
|                   I_WHOLE_SLICE.G_SLICE_IDX[0].U_ALL_SRL_SLICE                            |    <0.001 |
|                     u_srlA                                                                |    <0.001 |
|                     u_srlB                                                                |    <0.001 |
|                     u_srlC                                                                |    <0.001 |
|                     u_srlD                                                                |    <0.001 |
|             G_NMU[7].U_M                                                                  |    <0.001 |
|               allx_typeA_match_detection.cs_allx_typeA_inst                               |    <0.001 |
|                 DUT                                                                       |    <0.001 |
|                   I_WHOLE_SLICE.G_SLICE_IDX[0].U_ALL_SRL_SLICE                            |    <0.001 |
|                     u_srlA                                                                |    <0.001 |
|                     u_srlB                                                                |    <0.001 |
|                     u_srlC                                                                |    <0.001 |
|                     u_srlD                                                                |    <0.001 |
|             G_NMU[8].U_M                                                                  |    <0.001 |
|               allx_typeA_match_detection.cs_allx_typeA_inst                               |    <0.001 |
|                 DUT                                                                       |    <0.001 |
|                   I_WHOLE_SLICE.G_SLICE_IDX[0].U_ALL_SRL_SLICE                            |    <0.001 |
|                     u_srlA                                                                |    <0.001 |
|                     u_srlB                                                                |    <0.001 |
|                     u_srlC                                                                |    <0.001 |
|                     u_srlD                                                                |    <0.001 |
|           genblk1[0].U_TC                                                                 |    <0.001 |
|             allx_typeA_match_detection.cs_allx_typeA_inst                                 |    <0.001 |
|               DUT                                                                         |    <0.001 |
|                 I_WHOLE_SLICE.G_SLICE_IDX[0].U_ALL_SRL_SLICE                              |    <0.001 |
|                   u_srlA                                                                  |    <0.001 |
|                   u_srlB                                                                  |    <0.001 |
|                   u_srlC                                                                  |    <0.001 |
|                   u_srlD                                                                  |    <0.001 |
|                 I_WHOLE_SLICE.G_SLICE_IDX[1].U_ALL_SRL_SLICE                              |    <0.001 |
|                   u_srlA                                                                  |    <0.001 |
|                   u_srlB                                                                  |    <0.001 |
|                   u_srlC                                                                  |    <0.001 |
|                   u_srlD                                                                  |    <0.001 |
|         xsdb_memory_read_inst                                                             |    <0.001 |
|   vga_comp                                                                                |     0.118 |
|     clk_wiz                                                                               |     0.115 |
|       U0                                                                                  |     0.115 |
|     vga_cont                                                                              |    <0.001 |
|     vga_disp                                                                              |     0.003 |
|   vio                                                                                     |    <0.001 |
|     inst                                                                                  |    <0.001 |
|       DECODER_INST                                                                        |    <0.001 |
|       PROBE_OUT_ALL_INST                                                                  |    <0.001 |
|         G_PROBE_OUT[0].PROBE_OUT0_INST                                                    |    <0.001 |
|         G_PROBE_OUT[1].PROBE_OUT0_INST                                                    |    <0.001 |
|       U_XSDB_SLAVE                                                                        |    <0.001 |
+-------------------------------------------------------------------------------------------+-----------+


