Copyright 1986-2014 Xilinx, Inc. All Rights Reserved.
-------------------------------------------------------------------------------------------------------------
| Tool Version : Vivado v.2014.2 (lin64) Build 932637 Wed Jun 11 13:08:52 MDT 2014
| Date         : Fri Apr 17 15:18:47 2015
| Host         : com1548.eecs.utk.edu running 64-bit Red Hat Enterprise Linux Server release 6.5 (Santiago)
| Command      : report_utilization -file top_level_utilization_synth.rpt -pb top_level_utilization_synth.pb
| Design       : top_level
| Device       : xc7a100t
| Design State : Synthesized
-------------------------------------------------------------------------------------------------------------

Utilization Design Information

Table of Contents
-----------------
1. Slice Logic
2. Memory
3. DSP
4. IO and GT Specific
5. Clocking
6. Specific Feature
7. Primitives
8. Black Boxes
9. Instantiated Netlists

1. Slice Logic
--------------

+----------------------------+------+-------+-----------+-------+
|          Site Type         | Used | Fixed | Available | Util% |
+----------------------------+------+-------+-----------+-------+
| Slice LUTs*                | 1658 |     0 |     63400 |  2.61 |
|   LUT as Logic             | 1651 |     0 |     63400 |  2.60 |
|   LUT as Memory            |    7 |     0 |     19000 |  0.03 |
|     LUT as Distributed RAM |    0 |     0 |           |       |
|     LUT as Shift Register  |    7 |     0 |           |       |
| Slice Registers            | 3257 |     0 |    126800 |  2.56 |
|   Register as Flip Flop    | 3257 |     0 |    126800 |  2.56 |
|   Register as Latch        |    0 |     0 |    126800 |  0.00 |
| F7 Muxes                   |    0 |     0 |     31700 |  0.00 |
| F8 Muxes                   |    0 |     0 |     15850 |  0.00 |
+----------------------------+------+-------+-----------+-------+
* Warning! The Final LUT count, after physical optimizations and full implementation, is typically lower. Run opt_design after synthesis, if not already completed, for a more realistic count.


2. Memory
---------

+----------------+------+-------+-----------+-------+
|    Site Type   | Used | Fixed | Available | Util% |
+----------------+------+-------+-----------+-------+
| Block RAM Tile |    0 |     0 |       135 |  0.00 |
|   RAMB36/FIFO* |    0 |     0 |       135 |  0.00 |
|   RAMB18       |    0 |     0 |       270 |  0.00 |
+----------------+------+-------+-----------+-------+
* Note: Each Block RAM Tile only has one FIFO logic available and therefore can accommodate only one FIFO36E1 or one FIFO18E1. However, if a FIFO18E1 occupies a Block RAM Tile, that tile can still accommodate a RAMB18E1


3. DSP
------

+-----------+------+-------+-----------+-------+
| Site Type | Used | Fixed | Available | Util% |
+-----------+------+-------+-----------+-------+
| DSPs      |    0 |     0 |       240 |  0.00 |
+-----------+------+-------+-----------+-------+


4. IO and GT Specific
---------------------

+-----------------------------+------+-------+-----------+-------+
|          Site Type          | Used | Fixed | Available | Util% |
+-----------------------------+------+-------+-----------+-------+
| Bonded IOB                  |    4 |     0 |       210 |  1.90 |
| Bonded IPADs                |    0 |     0 |         2 |  0.00 |
| PHY_CONTROL                 |    0 |     0 |         6 |  0.00 |
| PHASER_REF                  |    0 |     0 |         6 |  0.00 |
| OUT_FIFO                    |    0 |     0 |        24 |  0.00 |
| IN_FIFO                     |    0 |     0 |        24 |  0.00 |
| IDELAYCTRL                  |    0 |     0 |         6 |  0.00 |
| IBUFGDS                     |    0 |     0 |       202 |  0.00 |
| PHASER_OUT/PHASER_OUT_PHY   |    0 |     0 |        24 |  0.00 |
| PHASER_IN/PHASER_IN_PHY     |    0 |     0 |        24 |  0.00 |
| IDELAYE2/IDELAYE2_FINEDELAY |    0 |     0 |       300 |  0.00 |
| IBUFDS_GTE2                 |    0 |     0 |         4 |  0.00 |
| ILOGIC                      |    0 |     0 |       210 |  0.00 |
| OLOGIC                      |    0 |     0 |       210 |  0.00 |
+-----------------------------+------+-------+-----------+-------+


5. Clocking
-----------

+------------+------+-------+-----------+-------+
|  Site Type | Used | Fixed | Available | Util% |
+------------+------+-------+-----------+-------+
| BUFGCTRL   |    1 |     0 |        32 |  3.12 |
| BUFIO      |    0 |     0 |        24 |  0.00 |
| MMCME2_ADV |    0 |     0 |         6 |  0.00 |
| PLLE2_ADV  |    0 |     0 |         6 |  0.00 |
| BUFMRCE    |    0 |     0 |        12 |  0.00 |
| BUFHCE     |    0 |     0 |        96 |  0.00 |
| BUFR       |    0 |     0 |        24 |  0.00 |
+------------+------+-------+-----------+-------+


6. Specific Feature
-------------------

+-------------+------+-------+-----------+-------+
|  Site Type  | Used | Fixed | Available | Util% |
+-------------+------+-------+-----------+-------+
| BSCANE2     |    0 |     0 |         4 |  0.00 |
| CAPTUREE2   |    0 |     0 |         1 |  0.00 |
| DNA_PORT    |    0 |     0 |         1 |  0.00 |
| EFUSE_USR   |    0 |     0 |         1 |  0.00 |
| FRAME_ECCE2 |    0 |     0 |         1 |  0.00 |
| ICAPE2      |    0 |     0 |         2 |  0.00 |
| PCIE_2_1    |    0 |     0 |         1 |  0.00 |
| STARTUPE2   |    0 |     0 |         1 |  0.00 |
| XADC        |    0 |     0 |         1 |  0.00 |
+-------------+------+-------+-----------+-------+


7. Primitives
-------------

+----------+------+---------------------+
| Ref Name | Used | Functional Category |
+----------+------+---------------------+
| FDRE     | 3198 |        Flop & Latch |
| LUT3     | 1469 |                 LUT |
| LUT4     |  447 |                 LUT |
| LUT6     |  282 |                 LUT |
| LUT5     |  207 |                 LUT |
| CARRY4   |  142 |          CarryLogic |
| LUT1     |   51 |                 LUT |
| FDCE     |   48 |        Flop & Latch |
| LUT2     |   33 |                 LUT |
| FDSE     |   10 |        Flop & Latch |
| SRL16E   |    7 |  Distributed Memory |
| IBUF     |    3 |                  IO |
| OBUF     |    1 |                  IO |
| FDPE     |    1 |        Flop & Latch |
| BUFG     |    1 |               Clock |
+----------+------+---------------------+


8. Black Boxes
--------------

+---------------+------+
|    Ref Name   | Used |
+---------------+------+
| mult_gen_0    |    2 |
| xfft_0        |    1 |
| vio_0         |    1 |
| cordic_0      |    1 |
| clk_wiz_0     |    1 |
| c_addsub_0    |    1 |
| blk_mem_gen_1 |    1 |
| blk_mem_gen_0 |    1 |
+---------------+------+


9. Instantiated Netlists
------------------------

+----------+------+
| Ref Name | Used |
+----------+------+


