Copyright 1986-2014 Xilinx, Inc. All Rights Reserved.
------------------------------------------------------------------------------------------------------------
| Tool Version : Vivado v.2014.2 (lin64) Build 932637 Wed Jun 11 13:08:52 MDT 2014
| Date         : Sat Apr 18 19:17:20 2015
| Host         : com1548.eecs.utk.edu running 64-bit Red Hat Enterprise Linux Server release 6.5 (Santiago)
| Command      : report_drc
------------------------------------------------------------------------------------------------------------

Report DRC

Table of Contents
-----------------
1. REPORT SUMMARY
2. REPORT DETAILS

1. REPORT SUMMARY
-----------------
            Netlist: netlist
          Floorplan: design_1
      Design limits: <entire design considered>
           Ruledeck: default
           Max violations: <unlimited>
         Violations found: 41

2. REPORT DETAILS
-----------------
CFGBVS-1#1 Warning
Missing CFGBVS and CONFIG_VOLTAGE Design Properties  
Neither the CFGBVS nor CONFIG_VOLTAGE voltage property is set in the current_design.  Configuration bank voltage select (CFGBVS) must be set to VCCO or GND, and CONFIG_VOLTAGE must be set to the correct configuration voltage, in order to determine the I/O voltage support for the pins in bank 0.  It is suggested to specify these either using the 'Edit Device Properties' function in the GUI or directly in the XDC file using the following syntax:

 set_property CFGBVS value1 [current_design]
 #where value1 is either VCCO or GND

 set_property CONFIG_VOLTAGE value2 [current_design]
 #where value2 is the voltage provided to configuration bank 0

Refer to the device configuration user guide for more information.
Related violations: <none>

DPIP-1#1 Warning
Input pipelining  
DSP fft/U0/i_synth/xfft_inst/non_floating_point.arch_b.xfft_inst/single_channel.datapath/pe/mult_gen.Mult1/i_cmpy/three_mult_structure.use_dsp.i_dsp48/mult2_preadder_d_plus_a.mult2/mult/use_prim.appDSP48[0].bppDSP48[0].use_dsp.use_dsp48e1.iDSP48E1 input C  is not pipelined. Pipelining DSP48 input will improve performance. Each input of DSP48 has 2 levels of pipelining.
Related violations: <none>

DPIP-1#2 Warning
Input pipelining  
DSP fft/U0/i_synth/xfft_inst/non_floating_point.arch_b.xfft_inst/single_channel.datapath/pe/mult_gen.Mult2/i_cmpy/three_mult_structure.use_dsp.i_dsp48/mult2_preadder_d_plus_a.mult2/mult/use_prim.appDSP48[0].bppDSP48[0].use_dsp.use_dsp48e1.iDSP48E1 input C  is not pipelined. Pipelining DSP48 input will improve performance. Each input of DSP48 has 2 levels of pipelining.
Related violations: <none>

DPIP-1#3 Warning
Input pipelining  
DSP fft/U0/i_synth/xfft_inst/non_floating_point.arch_b.xfft_inst/single_channel.datapath/pe/mult_gen.Mult3/i_cmpy/three_mult_structure.use_dsp.i_dsp48/mult2_preadder_d_plus_a.mult2/mult/use_prim.appDSP48[0].bppDSP48[0].use_dsp.use_dsp48e1.iDSP48E1 input C  is not pipelined. Pipelining DSP48 input will improve performance. Each input of DSP48 has 2 levels of pipelining.
Related violations: <none>

DPOP-1#1 Warning
Output pipelining  
DSP fft/U0/i_synth/xfft_inst/non_floating_point.arch_b.xfft_inst/single_channel.datapath/pe/mult_gen.dsp48_dragonfly.dragonfly_inst/BF_0/dsp48e_simd.bf_dsp48e_simd_bypass/A_ir output P  is not pipelined. Pipelining DSP48 output will improve performance. Both multiplier/adder output can be pipelined.
Related violations: <none>

DPOP-1#2 Warning
Output pipelining  
DSP fft/U0/i_synth/xfft_inst/non_floating_point.arch_b.xfft_inst/single_channel.datapath/pe/mult_gen.dsp48_dragonfly.dragonfly_inst/BF_0/dsp48e_simd.bf_dsp48e_simd_bypass/B_ir output P  is not pipelined. Pipelining DSP48 output will improve performance. Both multiplier/adder output can be pipelined.
Related violations: <none>

DPOP-1#3 Warning
Output pipelining  
DSP fft/U0/i_synth/xfft_inst/non_floating_point.arch_b.xfft_inst/single_channel.datapath/pe/mult_gen.dsp48_dragonfly.dragonfly_inst/BF_1/dsp48e_simd.bf_dsp48e_simd_mul_j_byp/Y0 output P  is not pipelined. Pipelining DSP48 output will improve performance. Both multiplier/adder output can be pipelined.
Related violations: <none>

DPOP-1#4 Warning
Output pipelining  
DSP fft/U0/i_synth/xfft_inst/non_floating_point.arch_b.xfft_inst/single_channel.datapath/pe/mult_gen.dsp48_dragonfly.dragonfly_inst/BF_1/dsp48e_simd.bf_dsp48e_simd_mul_j_byp/Y1 output P  is not pipelined. Pipelining DSP48 output will improve performance. Both multiplier/adder output can be pipelined.
Related violations: <none>

DPOP-1#5 Warning
Output pipelining  
DSP fft/U0/i_synth/xfft_inst/non_floating_point.arch_b.xfft_inst/single_channel.datapath/pe/mult_gen.dsp48_dragonfly.dragonfly_inst/BF_2/dsp48e_simd.bf_dsp48e_simd/A_ir output P  is not pipelined. Pipelining DSP48 output will improve performance. Both multiplier/adder output can be pipelined.
Related violations: <none>

DPOP-1#6 Warning
Output pipelining  
DSP fft/U0/i_synth/xfft_inst/non_floating_point.arch_b.xfft_inst/single_channel.datapath/pe/mult_gen.dsp48_dragonfly.dragonfly_inst/BF_2/dsp48e_simd.bf_dsp48e_simd/need_B_ir.B_ir output P  is not pipelined. Pipelining DSP48 output will improve performance. Both multiplier/adder output can be pipelined.
Related violations: <none>

DPOP-1#7 Warning
Output pipelining  
DSP fft/U0/i_synth/xfft_inst/non_floating_point.arch_b.xfft_inst/single_channel.datapath/pe/mult_gen.dsp48_dragonfly.dragonfly_inst/BF_3/dsp48e_simd.bf_dsp48e_simd/A_ir output P  is not pipelined. Pipelining DSP48 output will improve performance. Both multiplier/adder output can be pipelined.
Related violations: <none>

DPOP-1#8 Warning
Output pipelining  
DSP fft/U0/i_synth/xfft_inst/non_floating_point.arch_b.xfft_inst/single_channel.datapath/pe/mult_gen.dsp48_dragonfly.dragonfly_inst/BF_3/dsp48e_simd.bf_dsp48e_simd/need_B_ir.B_ir output P  is not pipelined. Pipelining DSP48 output will improve performance. Both multiplier/adder output can be pipelined.
Related violations: <none>

REQP-1723#1 Warning
DSP_Abus_sign_bit_restriction  
fft/U0/i_synth/xfft_inst/non_floating_point.arch_b.xfft_inst/single_channel.datapath/pe/mult_gen.Mult1/i_cmpy/three_mult_structure.use_dsp.i_dsp48/mult1_preadder_d_plus_a.mult1/mult/use_prim.appDSP48[0].bppDSP48[0].use_dsp.use_dsp48e1.iDSP48E1: When using the PreAdder and USE_DPORT is TRUE, the A operand should be restricted to 24 bit two's compliment (and sign extended) to avoid over/underflow in the pre-add stage.
Related violations: <none>

REQP-1723#2 Warning
DSP_Abus_sign_bit_restriction  
fft/U0/i_synth/xfft_inst/non_floating_point.arch_b.xfft_inst/single_channel.datapath/pe/mult_gen.Mult1/i_cmpy/three_mult_structure.use_dsp.i_dsp48/mult3_preadder_d_minus_a.mult3/mult/use_prim.appDSP48[0].bppDSP48[0].use_dsp.use_dsp48e1.iDSP48E1: When using the PreAdder and USE_DPORT is TRUE, the A operand should be restricted to 24 bit two's compliment (and sign extended) to avoid over/underflow in the pre-add stage.
Related violations: <none>

REQP-1723#3 Warning
DSP_Abus_sign_bit_restriction  
fft/U0/i_synth/xfft_inst/non_floating_point.arch_b.xfft_inst/single_channel.datapath/pe/mult_gen.Mult2/i_cmpy/three_mult_structure.use_dsp.i_dsp48/mult1_preadder_d_plus_a.mult1/mult/use_prim.appDSP48[0].bppDSP48[0].use_dsp.use_dsp48e1.iDSP48E1: When using the PreAdder and USE_DPORT is TRUE, the A operand should be restricted to 24 bit two's compliment (and sign extended) to avoid over/underflow in the pre-add stage.
Related violations: <none>

REQP-1723#4 Warning
DSP_Abus_sign_bit_restriction  
fft/U0/i_synth/xfft_inst/non_floating_point.arch_b.xfft_inst/single_channel.datapath/pe/mult_gen.Mult2/i_cmpy/three_mult_structure.use_dsp.i_dsp48/mult3_preadder_d_minus_a.mult3/mult/use_prim.appDSP48[0].bppDSP48[0].use_dsp.use_dsp48e1.iDSP48E1: When using the PreAdder and USE_DPORT is TRUE, the A operand should be restricted to 24 bit two's compliment (and sign extended) to avoid over/underflow in the pre-add stage.
Related violations: <none>

REQP-1723#5 Warning
DSP_Abus_sign_bit_restriction  
fft/U0/i_synth/xfft_inst/non_floating_point.arch_b.xfft_inst/single_channel.datapath/pe/mult_gen.Mult3/i_cmpy/three_mult_structure.use_dsp.i_dsp48/mult1_preadder_d_plus_a.mult1/mult/use_prim.appDSP48[0].bppDSP48[0].use_dsp.use_dsp48e1.iDSP48E1: When using the PreAdder and USE_DPORT is TRUE, the A operand should be restricted to 24 bit two's compliment (and sign extended) to avoid over/underflow in the pre-add stage.
Related violations: <none>

REQP-1723#6 Warning
DSP_Abus_sign_bit_restriction  
fft/U0/i_synth/xfft_inst/non_floating_point.arch_b.xfft_inst/single_channel.datapath/pe/mult_gen.Mult3/i_cmpy/three_mult_structure.use_dsp.i_dsp48/mult3_preadder_d_minus_a.mult3/mult/use_prim.appDSP48[0].bppDSP48[0].use_dsp.use_dsp48e1.iDSP48E1: When using the PreAdder and USE_DPORT is TRUE, the A operand should be restricted to 24 bit two's compliment (and sign extended) to avoid over/underflow in the pre-add stage.
Related violations: <none>

REQP-1724#1 Warning
DSP_Dbus_sign_bit_restriction  
fft/U0/i_synth/xfft_inst/non_floating_point.arch_b.xfft_inst/single_channel.datapath/pe/mult_gen.Mult1/i_cmpy/three_mult_structure.use_dsp.i_dsp48/mult1_preadder_d_plus_a.mult1/mult/use_prim.appDSP48[0].bppDSP48[0].use_dsp.use_dsp48e1.iDSP48E1: When using the PreAdder and USE_DPORT is TRUE, the D operand should be restricted to 24 bit two's compliment (and sign extended) to avoid over/underflow in the pre-add stage.
Related violations: <none>

REQP-1724#2 Warning
DSP_Dbus_sign_bit_restriction  
fft/U0/i_synth/xfft_inst/non_floating_point.arch_b.xfft_inst/single_channel.datapath/pe/mult_gen.Mult1/i_cmpy/three_mult_structure.use_dsp.i_dsp48/mult3_preadder_d_minus_a.mult3/mult/use_prim.appDSP48[0].bppDSP48[0].use_dsp.use_dsp48e1.iDSP48E1: When using the PreAdder and USE_DPORT is TRUE, the D operand should be restricted to 24 bit two's compliment (and sign extended) to avoid over/underflow in the pre-add stage.
Related violations: <none>

REQP-1724#3 Warning
DSP_Dbus_sign_bit_restriction  
fft/U0/i_synth/xfft_inst/non_floating_point.arch_b.xfft_inst/single_channel.datapath/pe/mult_gen.Mult2/i_cmpy/three_mult_structure.use_dsp.i_dsp48/mult1_preadder_d_plus_a.mult1/mult/use_prim.appDSP48[0].bppDSP48[0].use_dsp.use_dsp48e1.iDSP48E1: When using the PreAdder and USE_DPORT is TRUE, the D operand should be restricted to 24 bit two's compliment (and sign extended) to avoid over/underflow in the pre-add stage.
Related violations: <none>

REQP-1724#4 Warning
DSP_Dbus_sign_bit_restriction  
fft/U0/i_synth/xfft_inst/non_floating_point.arch_b.xfft_inst/single_channel.datapath/pe/mult_gen.Mult2/i_cmpy/three_mult_structure.use_dsp.i_dsp48/mult3_preadder_d_minus_a.mult3/mult/use_prim.appDSP48[0].bppDSP48[0].use_dsp.use_dsp48e1.iDSP48E1: When using the PreAdder and USE_DPORT is TRUE, the D operand should be restricted to 24 bit two's compliment (and sign extended) to avoid over/underflow in the pre-add stage.
Related violations: <none>

REQP-1724#5 Warning
DSP_Dbus_sign_bit_restriction  
fft/U0/i_synth/xfft_inst/non_floating_point.arch_b.xfft_inst/single_channel.datapath/pe/mult_gen.Mult3/i_cmpy/three_mult_structure.use_dsp.i_dsp48/mult1_preadder_d_plus_a.mult1/mult/use_prim.appDSP48[0].bppDSP48[0].use_dsp.use_dsp48e1.iDSP48E1: When using the PreAdder and USE_DPORT is TRUE, the D operand should be restricted to 24 bit two's compliment (and sign extended) to avoid over/underflow in the pre-add stage.
Related violations: <none>

REQP-1724#6 Warning
DSP_Dbus_sign_bit_restriction  
fft/U0/i_synth/xfft_inst/non_floating_point.arch_b.xfft_inst/single_channel.datapath/pe/mult_gen.Mult3/i_cmpy/three_mult_structure.use_dsp.i_dsp48/mult3_preadder_d_minus_a.mult3/mult/use_prim.appDSP48[0].bppDSP48[0].use_dsp.use_dsp48e1.iDSP48E1: When using the PreAdder and USE_DPORT is TRUE, the D operand should be restricted to 24 bit two's compliment (and sign extended) to avoid over/underflow in the pre-add stage.
Related violations: <none>

RTSTAT-10#1 Warning
No routable loads  
513 net(s) have no routable loads. The problem net(s) are vio/inst/PROBE_OUT_ALL_INST/G_PROBE_OUT[1].PROBE_OUT0_INST/O2, barHeights[0][0], barHeights[0][1], barHeights[0][2], barHeights[0][3], barHeights[0][4], barHeights[0][5], barHeights[0][6], barHeights[0][7], barHeights[1][0], barHeights[1][1], barHeights[1][2], barHeights[1][3], barHeights[1][4], barHeights[1][5] (the first 15 of 513 listed).
Related violations: <none>

AVAL-4#1 Advisory
enum_USE_DPORT_FALSE_enum_DREG_ADREG_0_connects_CED_CEAD_RSTD_GND  
fft/U0/i_synth/xfft_inst/non_floating_point.arch_b.xfft_inst/single_channel.datapath/pe/mult_gen.dsp48_dragonfly.dragonfly_inst/BF_0/dsp48e_simd.bf_dsp48e_simd_bypass/A_ir: DSP48E1 is not using the D port (USE_DPORT = FALSE). For improved power characteristics, set DREG and ADREG to '1', tie CED, CEAD, and RSTD to logic '0', and tie all D inputs to logic '1'.
Related violations: <none>

AVAL-4#2 Advisory
enum_USE_DPORT_FALSE_enum_DREG_ADREG_0_connects_CED_CEAD_RSTD_GND  
fft/U0/i_synth/xfft_inst/non_floating_point.arch_b.xfft_inst/single_channel.datapath/pe/mult_gen.dsp48_dragonfly.dragonfly_inst/BF_0/dsp48e_simd.bf_dsp48e_simd_bypass/B_ir: DSP48E1 is not using the D port (USE_DPORT = FALSE). For improved power characteristics, set DREG and ADREG to '1', tie CED, CEAD, and RSTD to logic '0', and tie all D inputs to logic '1'.
Related violations: <none>

AVAL-4#3 Advisory
enum_USE_DPORT_FALSE_enum_DREG_ADREG_0_connects_CED_CEAD_RSTD_GND  
fft/U0/i_synth/xfft_inst/non_floating_point.arch_b.xfft_inst/single_channel.datapath/pe/mult_gen.dsp48_dragonfly.dragonfly_inst/BF_1/dsp48e_simd.bf_dsp48e_simd_mul_j_byp/Y0: DSP48E1 is not using the D port (USE_DPORT = FALSE). For improved power characteristics, set DREG and ADREG to '1', tie CED, CEAD, and RSTD to logic '0', and tie all D inputs to logic '1'.
Related violations: <none>

AVAL-4#4 Advisory
enum_USE_DPORT_FALSE_enum_DREG_ADREG_0_connects_CED_CEAD_RSTD_GND  
fft/U0/i_synth/xfft_inst/non_floating_point.arch_b.xfft_inst/single_channel.datapath/pe/mult_gen.dsp48_dragonfly.dragonfly_inst/BF_1/dsp48e_simd.bf_dsp48e_simd_mul_j_byp/Y1: DSP48E1 is not using the D port (USE_DPORT = FALSE). For improved power characteristics, set DREG and ADREG to '1', tie CED, CEAD, and RSTD to logic '0', and tie all D inputs to logic '1'.
Related violations: <none>

AVAL-4#5 Advisory
enum_USE_DPORT_FALSE_enum_DREG_ADREG_0_connects_CED_CEAD_RSTD_GND  
fft/U0/i_synth/xfft_inst/non_floating_point.arch_b.xfft_inst/single_channel.datapath/pe/mult_gen.dsp48_dragonfly.dragonfly_inst/BF_2/dsp48e_simd.bf_dsp48e_simd/A_ir: DSP48E1 is not using the D port (USE_DPORT = FALSE). For improved power characteristics, set DREG and ADREG to '1', tie CED, CEAD, and RSTD to logic '0', and tie all D inputs to logic '1'.
Related violations: <none>

AVAL-4#6 Advisory
enum_USE_DPORT_FALSE_enum_DREG_ADREG_0_connects_CED_CEAD_RSTD_GND  
fft/U0/i_synth/xfft_inst/non_floating_point.arch_b.xfft_inst/single_channel.datapath/pe/mult_gen.dsp48_dragonfly.dragonfly_inst/BF_2/dsp48e_simd.bf_dsp48e_simd/need_B_ir.B_ir: DSP48E1 is not using the D port (USE_DPORT = FALSE). For improved power characteristics, set DREG and ADREG to '1', tie CED, CEAD, and RSTD to logic '0', and tie all D inputs to logic '1'.
Related violations: <none>

AVAL-4#7 Advisory
enum_USE_DPORT_FALSE_enum_DREG_ADREG_0_connects_CED_CEAD_RSTD_GND  
fft/U0/i_synth/xfft_inst/non_floating_point.arch_b.xfft_inst/single_channel.datapath/pe/mult_gen.dsp48_dragonfly.dragonfly_inst/BF_3/dsp48e_simd.bf_dsp48e_simd/A_ir: DSP48E1 is not using the D port (USE_DPORT = FALSE). For improved power characteristics, set DREG and ADREG to '1', tie CED, CEAD, and RSTD to logic '0', and tie all D inputs to logic '1'.
Related violations: <none>

AVAL-4#8 Advisory
enum_USE_DPORT_FALSE_enum_DREG_ADREG_0_connects_CED_CEAD_RSTD_GND  
fft/U0/i_synth/xfft_inst/non_floating_point.arch_b.xfft_inst/single_channel.datapath/pe/mult_gen.dsp48_dragonfly.dragonfly_inst/BF_3/dsp48e_simd.bf_dsp48e_simd/need_B_ir.B_ir: DSP48E1 is not using the D port (USE_DPORT = FALSE). For improved power characteristics, set DREG and ADREG to '1', tie CED, CEAD, and RSTD to logic '0', and tie all D inputs to logic '1'.
Related violations: <none>

AVAL-5#1 Advisory
enum_USE_MULT_NONE_enum_DREG_ADREG_0_connects_CED_CEAD_RSTD_GND  
fft/U0/i_synth/xfft_inst/non_floating_point.arch_b.xfft_inst/single_channel.datapath/pe/mult_gen.dsp48_dragonfly.dragonfly_inst/BF_0/dsp48e_simd.bf_dsp48e_simd_bypass/A_ir: DSP48E1 is not using the Multiplier (USE_MULT = NONE). For improved power characteristics, set DREG and ADREG to '1', tie CED, CEAD, and RSTD to logic '0', and tie all D inputs to logic '1'.
Related violations: <none>

AVAL-5#2 Advisory
enum_USE_MULT_NONE_enum_DREG_ADREG_0_connects_CED_CEAD_RSTD_GND  
fft/U0/i_synth/xfft_inst/non_floating_point.arch_b.xfft_inst/single_channel.datapath/pe/mult_gen.dsp48_dragonfly.dragonfly_inst/BF_0/dsp48e_simd.bf_dsp48e_simd_bypass/B_ir: DSP48E1 is not using the Multiplier (USE_MULT = NONE). For improved power characteristics, set DREG and ADREG to '1', tie CED, CEAD, and RSTD to logic '0', and tie all D inputs to logic '1'.
Related violations: <none>

AVAL-5#3 Advisory
enum_USE_MULT_NONE_enum_DREG_ADREG_0_connects_CED_CEAD_RSTD_GND  
fft/U0/i_synth/xfft_inst/non_floating_point.arch_b.xfft_inst/single_channel.datapath/pe/mult_gen.dsp48_dragonfly.dragonfly_inst/BF_1/dsp48e_simd.bf_dsp48e_simd_mul_j_byp/Y0: DSP48E1 is not using the Multiplier (USE_MULT = NONE). For improved power characteristics, set DREG and ADREG to '1', tie CED, CEAD, and RSTD to logic '0', and tie all D inputs to logic '1'.
Related violations: <none>

AVAL-5#4 Advisory
enum_USE_MULT_NONE_enum_DREG_ADREG_0_connects_CED_CEAD_RSTD_GND  
fft/U0/i_synth/xfft_inst/non_floating_point.arch_b.xfft_inst/single_channel.datapath/pe/mult_gen.dsp48_dragonfly.dragonfly_inst/BF_1/dsp48e_simd.bf_dsp48e_simd_mul_j_byp/Y1: DSP48E1 is not using the Multiplier (USE_MULT = NONE). For improved power characteristics, set DREG and ADREG to '1', tie CED, CEAD, and RSTD to logic '0', and tie all D inputs to logic '1'.
Related violations: <none>

AVAL-5#5 Advisory
enum_USE_MULT_NONE_enum_DREG_ADREG_0_connects_CED_CEAD_RSTD_GND  
fft/U0/i_synth/xfft_inst/non_floating_point.arch_b.xfft_inst/single_channel.datapath/pe/mult_gen.dsp48_dragonfly.dragonfly_inst/BF_2/dsp48e_simd.bf_dsp48e_simd/A_ir: DSP48E1 is not using the Multiplier (USE_MULT = NONE). For improved power characteristics, set DREG and ADREG to '1', tie CED, CEAD, and RSTD to logic '0', and tie all D inputs to logic '1'.
Related violations: <none>

AVAL-5#6 Advisory
enum_USE_MULT_NONE_enum_DREG_ADREG_0_connects_CED_CEAD_RSTD_GND  
fft/U0/i_synth/xfft_inst/non_floating_point.arch_b.xfft_inst/single_channel.datapath/pe/mult_gen.dsp48_dragonfly.dragonfly_inst/BF_2/dsp48e_simd.bf_dsp48e_simd/need_B_ir.B_ir: DSP48E1 is not using the Multiplier (USE_MULT = NONE). For improved power characteristics, set DREG and ADREG to '1', tie CED, CEAD, and RSTD to logic '0', and tie all D inputs to logic '1'.
Related violations: <none>

AVAL-5#7 Advisory
enum_USE_MULT_NONE_enum_DREG_ADREG_0_connects_CED_CEAD_RSTD_GND  
fft/U0/i_synth/xfft_inst/non_floating_point.arch_b.xfft_inst/single_channel.datapath/pe/mult_gen.dsp48_dragonfly.dragonfly_inst/BF_3/dsp48e_simd.bf_dsp48e_simd/A_ir: DSP48E1 is not using the Multiplier (USE_MULT = NONE). For improved power characteristics, set DREG and ADREG to '1', tie CED, CEAD, and RSTD to logic '0', and tie all D inputs to logic '1'.
Related violations: <none>

AVAL-5#8 Advisory
enum_USE_MULT_NONE_enum_DREG_ADREG_0_connects_CED_CEAD_RSTD_GND  
fft/U0/i_synth/xfft_inst/non_floating_point.arch_b.xfft_inst/single_channel.datapath/pe/mult_gen.dsp48_dragonfly.dragonfly_inst/BF_3/dsp48e_simd.bf_dsp48e_simd/need_B_ir.B_ir: DSP48E1 is not using the Multiplier (USE_MULT = NONE). For improved power characteristics, set DREG and ADREG to '1', tie CED, CEAD, and RSTD to logic '0', and tie all D inputs to logic '1'.
Related violations: <none>


