KCPSM6 Assembler log file for program 'C:\Users\cdaffron\git\ece551\lab2\lab2_assem.psm'.
Generated by KCPSM6 version v2.70
Ken Chapman - Xilinx Ltd - 16th May 2014

Assembly datestamp: 11 Mar 2015
Assembly timestamp: 21:33:30

Contents
  Assembly listing
  List of PSM files
  List of CONSTANTs
  List of TABLEs
  List of STRINGs
  List of line labels
  Instruction usage statistics


Last occupied address: 01B hex
Nominal program memory size: 1K (1024)   address(9:0)
Actual memory size: 4096
  (Default memory size)
Occupied memory locations: 28
Memory locations available: 4068


Assembly listing

 Addr Code               Instruction

 000                     ;;;Basic Instruction Flow for Lab 2
 000                     ;;;1. Get the values from the slide switches
 000                     ;;; - probably implemented by polling the input ports
 000                     ;;;2. Calculate the value of a^2 + b^2
 000                     ;;;3. Write the values to 7-seg display
 000                     ;;; - probably easiest to achieve by connecting registers to 3 of the output ports
 000                     ;;;Code:
 000                     ;;;Get values from input ports:
 000                     CONSTANT slide_SW_zero, 00
 000                     CONSTANT slide_SW_one, 01
 000                     CONSTANT seven_SEG_low, 01
 000                     CONSTANT seven_SEG_mid, 02
 000                     CONSTANT seven_SEG_high, 04
 000          beginning: 
 000  09000              INPUT s0, 00[slide_SW_zero]
 001  09101              INPUT s1, 01[slide_SW_one]
 002                     ;;; Calculate a^2
 002  00300              LOAD s3, s0
 003  00400              LOAD s4, s0
 004  20012              CALL 012[mult_soft]
 005  00850              LOAD s8, s5
 006  00960              LOAD s9, s6
 007                     ;;; Calculate b^2
 007  00310              LOAD s3, s1
 008  00410              LOAD s4, s1
 009  20012              CALL 012[mult_soft]
 00A                     ;;; Add them together
 00A  10960              ADD s9, s6
 00B  12850              ADDCY s8, s5
 00C  01A00              LOAD sA, 00
 00D  13A00              ADDCY sA, 00
 00E                     ;;; Write Values out to 7-seg displays (output ports 0, 1, 2)
 00E  2D901              OUTPUT s9, 01[seven_SEG_low]
 00F  2D802              OUTPUT s8, 02[seven_SEG_mid]
 010  2DA04              OUTPUT sA, 04[seven_SEG_high]
 011  22000              JUMP 000[beginning]
 012                     ;;; Multiplication subroutine (multiplicand in s3, multiplier in s4)
 012                     ;;;CONSTANT i, s7
 012          mult_soft: 
 012  01500              LOAD s5, 00
 013  01708              LOAD s7, 08
 014          mult_loop: 
 014  1440E              SR0 s4
 015  3E017              JUMP NC, 017[shift_prod]
 016  10530              ADD s5, s3
 017         shift_prod: 
 017  14508              SRA s5
 018  14608              SRA s6
 019  19701              SUB s7, 01
 01A  36014              JUMP NZ, 014[mult_loop]
 01B  25000              RETURN 


All unused memory locations contain zero (equivalent to 'LOAD s0, s0')



List of PSM files that have been assembled

C:\Users\cdaffron\git\ece551\lab2\lab2_assem.psm



List of defined constants

 CONSTANT name     Value        Source PSM File

 timestamp_hours   21'd         
 timestamp_minutes 33'd         
 timestamp_seconds 30'd         
 datestamp_year    15'd         
 datestamp_month   3'd          
 datestamp_day     11'd         
 NUL               00           
 BEL               07           
 BS                08           
 HT                09           
 LF                0A           
 VT                0B           
 CR                0D           
 ESC               1B           
 DEL               7F           
 DCS               90           
 ST                9C           
 slide_SW_zero     00           lab2_assem.psm
 slide_SW_one      01           lab2_assem.psm
 seven_SEG_low     01           lab2_assem.psm
 seven_SEG_mid     02           lab2_assem.psm
 seven_SEG_high    04           lab2_assem.psm



No TABLEs defined



List of text strings

 STRING name       String         Source PSM File

 KCPSM6_version$   "v2.70"        
 datestamp$        "11 Mar 2015"  
 timestamp$        "21:33:30"     



List of line labels

   Label        Addr  Source PSM File

   beginning    000   lab2_assem.psm
   mult_soft    012   lab2_assem.psm
   mult_loop    014   lab2_assem.psm
   shift_prod   017   lab2_assem.psm



Instruction usage statistics

 Instruction    Instances

 LOAD              9
 STAR              -

 AND               -
 OR                -
 XOR               -

 ADD               2
 ADDCY             2
 SUB               1
 SUBCY             -

 TEST              -
 TESTCY            -
 COMPARE           -
 COMPARECY         -

 SL0               -
 SL1               -
 SLX               -
 SLA               -
 RL                -
 SR0               1
 SR1               -
 SRX               -
 SRA               2
 RR                -

 REGBANK           -

 INPUT             2
 OUTPUT            3
 OUTPUTK           -

 STORE             -
 FETCH             -

 DISABLE           -
 ENABLE            -
 RETURNI           -

 JUMP              3
 JUMP@             -
 CALL              2
 CALL@             -
 RETURN            1
 LOAD&RETURN       -

 HWBUILD           -



End of KCPSM6 log file.
