Copyright 1986-2014 Xilinx, Inc. All Rights Reserved.
-----------------------------------------------------------------------------------
| Tool Version : Vivado v.2014.2 (win64) Build 932637 Wed Jun 11 13:33:10 MDT 2014
| Date         : Mon Mar 30 19:33:57 2015
| Host         : COM1598 running 64-bit Service Pack 1  (build 7601)
| Command      : report_clock_utilization -file topv4_clock_utilization_placed.rpt
| Design       : topv4
| Device       : xc7a100t
-----------------------------------------------------------------------------------

Clock Utilization Report

Table of Contents
-----------------
1. Clock Primitive Utilization
2. Details of Global Clocks
3. Details of Regional Clocks
4. Details of Multi-Regional Clocks
5. Details of I/O Clocks
6. Details of Local Clocks
7. Clock Regions : Key Resource Utilization
8. Net wise resources used in clock region X1Y1
9. Net wise resources used in clock region X0Y2
10. Net wise resources used in clock region X1Y2

1. Clock Primitive Utilization
------------------------------

+-------+------+-----------+-----------+
| Type  | Used | Available | Num Fixed |
+-------+------+-----------+-----------+
| BUFG  |    2 |        32 |         0 |
| BUFH  |    0 |        96 |         0 |
| BUFIO |    0 |        24 |         0 |
| MMCM  |    0 |         6 |         0 |
| PLL   |    0 |         6 |         0 |
| BUFR  |    0 |        24 |         0 |
| BUFMR |    0 |        12 |         0 |
+-------+------+-----------+-----------+


2. Details of Global Clocks
---------------------------

+-------+--------------------------+--------------------+--------------+-------+---------------+-----------+
|       |                          |                    |   Num Loads  |       |               |           |
+-------+--------------------------+--------------------+------+-------+-------+---------------+-----------+
| Index | BUFG Cell                | Net Name           | BELs | Sites | Fixed | MaxDelay (ns) | Skew (ns) |
+-------+--------------------------+--------------------+------+-------+-------+---------------+-----------+
|     1 | dbg_hub/inst/u_bufg_icon | dbg_hub/inst/idrck |  457 |   100 |    no |         1.853 |     0.230 |
|     2 | xlnx_opt_BUFG            | xlnx_opt__17       | 3205 |   940 |    no |         1.863 |     0.314 |
+-------+--------------------------+--------------------+------+-------+-------+---------------+-----------+


3. Details of Regional Clocks
-----------------------------

4. Details of Multi-Regional Clocks
-----------------------------------

5. Details of I/O Clocks
------------------------

6. Details of Local Clocks
--------------------------

+-------+--------------------------------------------------+--------------------------------+--------------+-------+---------------+-----------+
|       |                                                  |                                |   Num Loads  |       |               |           |
+-------+--------------------------------------------------+--------------------------------+------+-------+-------+---------------+-----------+
| Index | Local Clk Src                                    | Net Name                       | BELs | Sites | Fixed | MaxDelay (ns) | Skew (ns) |
+-------+--------------------------------------------------+--------------------------------+------+-------+-------+---------------+-----------+
|     1 | dbg_hub/inst/bscan_inst/SERIES7_BSCAN.bscan_inst | dbg_hub/inst/bscan_inst/UPDATE |    1 |     1 |   yes |         0.000 |     0.000 |
+-------+--------------------------------------------------+--------------------------------+------+-------+-------+---------------+-----------+


7. Clock Regions : Key Resource Utilization
-------------------------------------------

+-------------------+--------------+--------------+--------------+--------------+--------------+--------------+--------------+--------------+--------------+--------------+--------------+--------------+--------------+--------------+--------------+
|                   | Global Clock |     BUFRs    |    BUFMRs    |    BUFIOs    |     MMCM     |      PLL     |      GT      |      PCI     |    ILOGIC    |    OLOGIC    |      FF      |     LUTM     |    RAMB18    |    RAMB36    |    DSP48E1   |
+-------------------+------+-------+------+-------+------+-------+------+-------+------+-------+------+-------+------+-------+------+-------+------+-------+------+-------+------+-------+------+-------+------+-------+------+-------+------+-------+
| Clock Region Name | Used | Avail | Used | Avail | Used | Avail | Used | Avail | Used | Avail | Used | Avail | Used | Avail | Used | Avail | Used | Avail | Used | Avail | Used | Avail | Used | Avail | Used | Avail | Used | Avail | Used | Avail |
+-------------------+------+-------+------+-------+------+-------+------+-------+------+-------+------+-------+------+-------+------+-------+------+-------+------+-------+------+-------+------+-------+------+-------+------+-------+------+-------+
| X0Y0              |    0 |    12 |    0 |     4 |    0 |     2 |    0 |     4 |    0 |     1 |    0 |     1 |    0 |     0 |    0 |     0 |    0 |    50 |    0 |    50 |    0 | 20800 |    0 |  2400 |    0 |    20 |    0 |    10 |    0 |    20 |
| X1Y0              |    0 |    12 |    0 |     0 |    0 |     0 |    0 |     0 |    0 |     0 |    0 |     0 |    0 |     5 |    0 |     0 |    0 |     0 |    0 |     0 |    0 | 12000 |    0 |  2200 |    0 |    40 |    0 |    20 |    0 |    40 |
| X0Y1              |    0 |    12 |    0 |     4 |    0 |     2 |    0 |     4 |    0 |     1 |    0 |     1 |    0 |     0 |    0 |     0 |    0 |    50 |    0 |    50 |    0 | 16000 |    0 |  2400 |    0 |    20 |    0 |    10 |    0 |    20 |
| X1Y1              |    2 |    12 |    0 |     4 |    0 |     2 |    0 |     4 |    0 |     1 |    0 |     1 |    0 |     0 |    0 |     0 |    0 |    50 |    0 |    50 |  117 | 15200 |    2 |  2600 |    0 |    60 |    0 |    30 |    0 |    40 |
| X0Y2              |    1 |    12 |    0 |     4 |    0 |     2 |    0 |     4 |    0 |     1 |    0 |     1 |    0 |     0 |    0 |     0 |    0 |    50 |    0 |    50 |  231 | 16000 |   46 |  2400 |    0 |    20 |    0 |    10 |    0 |    20 |
| X1Y2              |    2 |    12 |    0 |     4 |    0 |     2 |    0 |     4 |    0 |     1 |    0 |     1 |    0 |     0 |    0 |     0 |    0 |    50 |    0 |    50 | 2884 | 15200 |  349 |  2600 |   10 |    60 |   21 |    30 |    3 |    40 |
| X0Y3              |    0 |    12 |    0 |     4 |    0 |     2 |    0 |     4 |    0 |     1 |    0 |     1 |    0 |     0 |    0 |     0 |    0 |    50 |    0 |    50 |    0 | 20800 |    0 |  2400 |    0 |    20 |    0 |    10 |    0 |    20 |
| X1Y3              |    0 |    12 |    0 |     0 |    0 |     0 |    0 |     0 |    0 |     0 |    0 |     0 |    0 |     5 |    0 |     1 |    0 |     0 |    0 |     0 |    0 | 10800 |    0 |  2000 |    0 |    30 |    0 |    15 |    0 |    40 |
+-------------------+------+-------+------+-------+------+-------+------+-------+------+-------+------+-------+------+-------+------+-------+------+-------+------+-------+------+-------+------+-------+------+-------+------+-------+------+-------+
* RAMB36 site can be used as two RAMB18/FIFO18 sites


8. Net wise resources used in clock region X1Y1
-----------------------------------------------

+-------------+-------------+-------+-----------+----------+---------+-----------+---------+---------+-----+-------+----------+--------------------+
| Source Type | BUFHCE Site | Fixed | MMCM Pins | PLL Pins | GT Pins | BRAM Pins | ILOGICs | OLOGICs | FFs | LUTMs | DSP48E1s |   Clock Net Name   |
+-------------+-------------+-------+-----------+----------+---------+-----------+---------+---------+-----+-------+----------+--------------------+
| BUFG        |     ---     |   no  |         0 |        0 |       0 |         0 |       0 |       0 |   1 |     0 |        0 | dbg_hub/inst/idrck |
| BUFG        |     ---     |   no  |         0 |        0 |       0 |         0 |       0 |       0 | 116 |     2 |        0 | xlnx_opt__17       |
+-------------+-------------+-------+-----------+----------+---------+-----------+---------+---------+-----+-------+----------+--------------------+


9. Net wise resources used in clock region X0Y2
-----------------------------------------------

+-------------+-------------+-------+-----------+----------+---------+-----------+---------+---------+-----+-------+----------+----------------+
| Source Type | BUFHCE Site | Fixed | MMCM Pins | PLL Pins | GT Pins | BRAM Pins | ILOGICs | OLOGICs | FFs | LUTMs | DSP48E1s | Clock Net Name |
+-------------+-------------+-------+-----------+----------+---------+-----------+---------+---------+-----+-------+----------+----------------+
| BUFG        |     ---     |   no  |         0 |        0 |       0 |         0 |       0 |       0 | 231 |    46 |        0 | xlnx_opt__17   |
+-------------+-------------+-------+-----------+----------+---------+-----------+---------+---------+-----+-------+----------+----------------+


10. Net wise resources used in clock region X1Y2
------------------------------------------------

+-------------+-------------+-------+-----------+----------+---------+-----------+---------+---------+------+-------+----------+--------------------+
| Source Type | BUFHCE Site | Fixed | MMCM Pins | PLL Pins | GT Pins | BRAM Pins | ILOGICs | OLOGICs |  FFs | LUTMs | DSP48E1s |   Clock Net Name   |
+-------------+-------------+-------+-----------+----------+---------+-----------+---------+---------+------+-------+----------+--------------------+
| BUFG        |     ---     |   no  |         0 |        0 |       0 |         0 |       0 |       0 |  432 |    24 |        0 | dbg_hub/inst/idrck |
| BUFG        |     ---     |   no  |         0 |        0 |       0 |        62 |       0 |       0 | 2451 |   325 |        3 | xlnx_opt__17       |
+-------------+-------------+-------+-----------+----------+---------+-----------+---------+---------+------+-------+----------+--------------------+



# Location of BUFG Primitives 
set_property LOC BUFGCTRL_X0Y0 [get_cells dbg_hub/inst/u_bufg_icon]
set_property LOC BUFGCTRL_X0Y16 [get_cells xlnx_opt_BUFG]

# Location of IO Clock Primitives

# Location of MMCM Clock Primitives

# Location of BUFH Clock Primitives

# Location of BUFR Clock Primitives

# Location of BUFMR Clock Primitives

# Location of PLL Clock Primitives

# Location of IO Primitives which is load of clock spine

# Location of clock ports
set_property LOC IOB_X1Y126 [get_ports clk100]

# Clock net "dbg_hub/inst/bscan_inst/UPDATE" driven by instance "dbg_hub/inst/bscan_inst/SERIES7_BSCAN.bscan_inst" located at site "BSCAN_X0Y0"
#startgroup
create_pblock CLKAG_dbg_hub/inst/bscan_inst/UPDATE
add_cells_to_pblock [get_pblocks  CLKAG_dbg_hub/inst/bscan_inst/UPDATE] [get_cells  -filter { IS_PRIMITIVE==1 && PRIMITIVE_LEVEL !=INTERNAL } -of_object [get_pins -filter {DIRECTION==IN} -of_objects [get_nets -hierarchical -filter {PARENT=="dbg_hub/inst/bscan_inst/UPDATE"}]]]
resize_pblock [get_pblocks CLKAG_dbg_hub/inst/bscan_inst/UPDATE] -add {CLOCKREGION_X1Y2:CLOCKREGION_X1Y2}
#endgroup

# Clock net "dbg_hub/inst/idrck" driven by instance "dbg_hub/inst/u_bufg_icon" located at site "BUFGCTRL_X0Y0"
#startgroup
create_pblock CLKAG_dbg_hub/inst/idrck
add_cells_to_pblock [get_pblocks  CLKAG_dbg_hub/inst/idrck] [get_cells  -filter { IS_PRIMITIVE==1 && PRIMITIVE_LEVEL !=INTERNAL } -of_object [get_pins -filter {DIRECTION==IN} -of_objects [get_nets -hierarchical -filter {PARENT=="dbg_hub/inst/idrck"}]]]
resize_pblock [get_pblocks CLKAG_dbg_hub/inst/idrck] -add {CLOCKREGION_X1Y1:CLOCKREGION_X1Y1 CLOCKREGION_X1Y2:CLOCKREGION_X1Y2}
#endgroup

# Clock net "xlnx_opt__17" driven by instance "xlnx_opt_BUFG" located at site "BUFGCTRL_X0Y16"
#startgroup
create_pblock CLKAG_xlnx_opt__17
add_cells_to_pblock [get_pblocks  CLKAG_xlnx_opt__17] [get_cells  -filter { IS_PRIMITIVE==1 && PRIMITIVE_LEVEL !=INTERNAL } -of_object [get_pins -filter {DIRECTION==IN} -of_objects [get_nets -hierarchical -filter {PARENT=="xlnx_opt__17"}]]]
resize_pblock [get_pblocks CLKAG_xlnx_opt__17] -add {CLOCKREGION_X0Y2:CLOCKREGION_X0Y2 CLOCKREGION_X1Y1:CLOCKREGION_X1Y1 CLOCKREGION_X1Y2:CLOCKREGION_X1Y2}
#endgroup
