Copyright 1986-2014 Xilinx, Inc. All Rights Reserved.
-----------------------------------------------------------------------------------
| Tool Version : Vivado v.2014.2 (win64) Build 932637 Wed Jun 11 13:33:10 MDT 2014
| Date         : Mon Mar 30 19:34:57 2015
| Host         : COM1598 running 64-bit Service Pack 1  (build 7601)
| Command      : report_drc
-----------------------------------------------------------------------------------

Report DRC

Table of Contents
-----------------
1. REPORT SUMMARY
2. REPORT DETAILS

1. REPORT SUMMARY
-----------------
            Netlist: netlist
          Floorplan: design_1
      Design limits: <entire design considered>
           Ruledeck: default
           Max violations: <unlimited>
         Violations found: 10

2. REPORT DETAILS
-----------------
CFGBVS-1#1 Warning
Missing CFGBVS and CONFIG_VOLTAGE Design Properties  
Neither the CFGBVS nor CONFIG_VOLTAGE voltage property is set in the current_design.  Configuration bank voltage select (CFGBVS) must be set to VCCO or GND, and CONFIG_VOLTAGE must be set to the correct configuration voltage, in order to determine the I/O voltage support for the pins in bank 0.  It is suggested to specify these either using the 'Edit Device Properties' function in the GUI or directly in the XDC file using the following syntax:

 set_property CFGBVS value1 [current_design]
 #where value1 is either VCCO or GND

 set_property CONFIG_VOLTAGE value2 [current_design]
 #where value2 is the voltage provided to configuration bank 0

Refer to the device configuration user guide for more information.
Related violations: <none>

CSCL-1#1 Warning
Clocked by a non-clock net.  
Net xlnx_opt_ is a non-clock net, connected to the clock port on ChipScope debug core u_ila_0.  Please verify this is correct.
Related violations: <none>

DPIP-1#1 Warning
Input pipelining  
DSP fft/U0/i_synth/xfft_inst/non_floating_point.arch_e.xfft_inst/single_channel.datapath/complex_multiplier/i_cmpy/four_mult_structure.use_dsp.i_dsp/re_im/use_DSP48.qDSP[0].appDSP[0].bppDSP[0].u_l[0].use_dsp48e1.dsp input C  is not pipelined. Pipelining DSP48 input will improve performance. Each input of DSP48 has 2 levels of pipelining.
Related violations: <none>

DPIP-1#2 Warning
Input pipelining  
DSP fft/U0/i_synth/xfft_inst/non_floating_point.arch_e.xfft_inst/single_channel.datapath/complex_multiplier/i_cmpy/four_mult_structure.use_dsp.i_dsp/re_im/use_DSP48.qDSP[0].appDSP[0].bppDSP[0].u_l[1].use_dsp48e1.dsp input C  is not pipelined. Pipelining DSP48 input will improve performance. Each input of DSP48 has 2 levels of pipelining.
Related violations: <none>

DPOP-1#1 Warning
Output pipelining  
DSP fft/U0/i_synth/xfft_inst/non_floating_point.arch_e.xfft_inst/single_channel.datapath/butterfly_inst/dsp_butterfly.btrfly/dsp48e_simd.bf_dsp48e_simd/A_ir output P  is not pipelined. Pipelining DSP48 output will improve performance. Both multiplier/adder output can be pipelined.
Related violations: <none>

RTSTAT-10#1 Warning
No routable loads  
17 net(s) have no routable loads. The problem net(s) are event_data_in_channel_halt, event_data_out_channel_halt, event_frame_started, event_status_channel_halt, event_tlast_missing, event_tlast_unexpected, s_axis_config_tdata[5], s_axis_config_tdata[6], s_axis_config_tdata[7], s_axis_config_tdata[9], s_axis_config_tdata[10], s_axis_config_tdata[11], s_axis_config_tdata[12], s_axis_config_tdata[13], s_axis_config_tdata[14] (the first 15 of 17 listed).
Related violations: <none>

AVAL-4#1 Advisory
enum_USE_DPORT_FALSE_enum_DREG_ADREG_0_connects_CED_CEAD_RSTD_GND  
fft/U0/i_synth/xfft_inst/non_floating_point.arch_e.xfft_inst/single_channel.datapath/butterfly_inst/dsp_butterfly.btrfly/dsp48e_simd.bf_dsp48e_simd/A_ir: DSP48E1 is not using the D port (USE_DPORT = FALSE). For improved power characteristics, set DREG and ADREG to '1', tie CED, CEAD, and RSTD to logic '0', and tie all D inputs to logic '1'.
Related violations: <none>

AVAL-4#2 Advisory
enum_USE_DPORT_FALSE_enum_DREG_ADREG_0_connects_CED_CEAD_RSTD_GND  
fft/U0/i_synth/xfft_inst/non_floating_point.arch_e.xfft_inst/single_channel.datapath/complex_multiplier/i_cmpy/four_mult_structure.use_dsp.i_dsp/re_im/use_DSP48.qDSP[0].appDSP[0].bppDSP[0].u_l[0].use_dsp48e1.dsp: DSP48E1 is not using the D port (USE_DPORT = FALSE). For improved power characteristics, set DREG and ADREG to '1', tie CED, CEAD, and RSTD to logic '0', and tie all D inputs to logic '1'.
Related violations: <none>

AVAL-4#3 Advisory
enum_USE_DPORT_FALSE_enum_DREG_ADREG_0_connects_CED_CEAD_RSTD_GND  
fft/U0/i_synth/xfft_inst/non_floating_point.arch_e.xfft_inst/single_channel.datapath/complex_multiplier/i_cmpy/four_mult_structure.use_dsp.i_dsp/re_im/use_DSP48.qDSP[0].appDSP[0].bppDSP[0].u_l[1].use_dsp48e1.dsp: DSP48E1 is not using the D port (USE_DPORT = FALSE). For improved power characteristics, set DREG and ADREG to '1', tie CED, CEAD, and RSTD to logic '0', and tie all D inputs to logic '1'.
Related violations: <none>

AVAL-5#1 Advisory
enum_USE_MULT_NONE_enum_DREG_ADREG_0_connects_CED_CEAD_RSTD_GND  
fft/U0/i_synth/xfft_inst/non_floating_point.arch_e.xfft_inst/single_channel.datapath/butterfly_inst/dsp_butterfly.btrfly/dsp48e_simd.bf_dsp48e_simd/A_ir: DSP48E1 is not using the Multiplier (USE_MULT = NONE). For improved power characteristics, set DREG and ADREG to '1', tie CED, CEAD, and RSTD to logic '0', and tie all D inputs to logic '1'.
Related violations: <none>


