Copyright 1986-2014 Xilinx, Inc. All Rights Reserved.
-----------------------------------------------------------------------------------------------------------------
| Tool Version     : Vivado v.2014.2 (win64) Build 932637 Wed Jun 11 13:33:10 MDT 2014
| Date             : Wed Mar 11 22:13:43 2015
| Host             : COM1599 running 64-bit Service Pack 1  (build 7601)
| Command          : report_power -file top_level_power_routed.rpt -pb top_level_power_summary_routed.pb
| Design           : top_level
| Device           : xc7a100tcsg324-1
| Design State     : Routed
| Grade            : commercial
| Process          : typical
| Characterization : Production
-----------------------------------------------------------------------------------------------------------------

Power Report

Table of Contents
-----------------
1. Summary
1.1 On-Chip Components
1.2 Power Supply Summary
1.3 Confidence Level
2. Settings
2.1 Environment
2.2 Clock Constraints
3. Detailed Reports
3.1 By Hierarchy

1. Summary
----------

+--------------------------+-------+
| Total On-Chip Power (W)  | 0.211 |
| Dynamic (W)              | 0.113 |
| Device Static (W)        | 0.097 |
| Effective TJA (C/W)      | 4.6   |
| Max Ambient (C)          | 84.0  |
| Junction Temperature (C) | 26.0  |
| Confidence Level         | Low   |
| Setting File             | ---   |
| Simulation Activity File | ---   |
| Design Nets Matched      | NA    |
+--------------------------+-------+


1.1 On-Chip Components
----------------------

+--------------------------+-----------+----------+-----------+-----------------+
| On-Chip                  | Power (W) | Used     | Available | Utilization (%) |
+--------------------------+-----------+----------+-----------+-----------------+
| Clocks                   |     0.003 |        4 |       --- |             --- |
| Slice Logic              |     0.001 |      524 |       --- |             --- |
|   LUT as Logic           |    <0.001 |      189 |     63400 |            0.29 |
|   LUT as Distributed RAM |    <0.001 |       24 |     19000 |            0.12 |
|   Register               |    <0.001 |      170 |    126800 |            0.13 |
|   CARRY4                 |    <0.001 |       14 |     15850 |            0.08 |
|   F7/F8 Muxes            |    <0.001 |       21 |     63400 |            0.03 |
|   Others                 |     0.000 |       28 |       --- |             --- |
| Signals                  |     0.001 |      348 |       --- |             --- |
| Block RAM                |    <0.001 |      0.5 |       135 |            0.37 |
| MMCM                     |     0.106 |        1 |         6 |           16.66 |
| I/O                      |     0.002 |       33 |       210 |           15.71 |
| Static Power             |     0.097 |          |           |                 |
| Total                    |     0.211 |          |           |                 |
+--------------------------+-----------+----------+-----------+-----------------+


1.2 Power Supply Summary
------------------------

+-----------+-------------+-----------+-------------+------------+
| Source    | Voltage (V) | Total (A) | Dynamic (A) | Static (A) |
+-----------+-------------+-----------+-------------+------------+
| Vccint    |       1.000 |     0.021 |       0.006 |      0.015 |
| Vccaux    |       1.800 |     0.077 |       0.059 |      0.018 |
| Vcco33    |       3.300 |     0.005 |       0.001 |      0.004 |
| Vcco25    |       2.500 |     0.000 |       0.000 |      0.000 |
| Vcco18    |       1.800 |     0.000 |       0.000 |      0.000 |
| Vcco15    |       1.500 |     0.000 |       0.000 |      0.000 |
| Vcco135   |       1.350 |     0.000 |       0.000 |      0.000 |
| Vcco12    |       1.200 |     0.000 |       0.000 |      0.000 |
| Vccaux_io |       0.000 |     0.000 |       0.000 |      0.000 |
| Vccbram   |       1.000 |     0.000 |       0.000 |      0.000 |
| MGTAVcc   |       1.000 |     0.000 |       0.000 |      0.000 |
| MGTAVtt   |       1.200 |     0.000 |       0.000 |      0.000 |
| Vccadc    |       1.800 |     0.020 |       0.000 |      0.020 |
+-----------+-------------+-----------+-------------+------------+


1.3 Confidence Level
--------------------

+-----------------------------+------------+--------------------------------------------------------+--------------------------------------------------------------------------------------------------------------------+
| User Input Data             | Confidence | Details                                                | Action                                                                                                             |
+-----------------------------+------------+--------------------------------------------------------+--------------------------------------------------------------------------------------------------------------------+
| Design implementation state | High       | Design is routed                                       |                                                                                                                    |
| Clock nodes activity        | Medium     | More than 5% of clocks are missing user specification  | Provide missing clock activity with a constraint file, simulation results or by editing the "By Clock Domain" view |
| I/O nodes activity          | Low        | More than 75% of inputs are missing user specification | Provide missing input activity with simulation results or by editing the "By Resource Type -> I/Os" view           |
| Internal nodes activity     | Medium     | User specified less than 25% of internal nodes         | Provide missing internal nodes activity with simulation results or by editing the "By Resource Type" views         |
| Device models               | High       | Device models are Production                           |                                                                                                                    |
|                             |            |                                                        |                                                                                                                    |
| Overall confidence level    | Low        |                                                        |                                                                                                                    |
+-----------------------------+------------+--------------------------------------------------------+--------------------------------------------------------------------------------------------------------------------+


2. Settings
-----------

2.1 Environment
---------------

+-----------------------+--------------------------+
| Ambient Temp (C)      | 25.0                     |
| ThetaJA (C/W)         | 4.6                      |
| Airflow (LFM)         | 250                      |
| Heat Sink             | medium (Medium Profile)  |
| ThetaSA (C/W)         | 4.6                      |
| Board Selection       | medium (10"x10")         |
| # of Board Layers     | 12to15 (12 to 15 Layers) |
| Board Temperature (C) | 25.0                     |
+-----------------------+--------------------------+


2.2 Clock Constraints
---------------------

+--------------------+------------------------------+-----------------+
| Clock              | Domain                       | Constraint (ns) |
+--------------------+------------------------------+-----------------+
| clk50_clk_wiz_0    | clkdiv/U0/clk50_clk_wiz_0    |            20.0 |
| clkfbout_clk_wiz_0 | clkdiv/U0/clkfbout_clk_wiz_0 |            10.0 |
| sys_clk_pin        | clk                          |            10.0 |
| sys_clk_pin        | xlnx_opt__1                  |            10.0 |
+--------------------+------------------------------+-----------------+


3. Detailed Reports
-------------------

3.1 By Hierarchy
----------------

+---------------------------------------------------------+-----------+
| Name                                                    | Power (W) |
+---------------------------------------------------------+-----------+
| top_level                                               |     0.113 |
|   clkdiv                                                |     0.106 |
|     U0                                                  |     0.106 |
|   decoder                                               |    <0.001 |
|   divide                                                |    <0.001 |
|   instr_mem                                             |    <0.001 |
|   processor                                             |     0.003 |
|     address_loop[0].output_data.pc_vector_mux_lut       |    <0.001 |
|     address_loop[10].output_data.pc_vector_mux_lut      |    <0.001 |
|     address_loop[2].output_data.pc_vector_mux_lut       |    <0.001 |
|     address_loop[4].output_data.pc_vector_mux_lut       |    <0.001 |
|     address_loop[6].output_data.pc_vector_mux_lut       |    <0.001 |
|     address_loop[8].output_data.pc_vector_mux_lut       |    <0.001 |
|     alu_decode0_lut                                     |    <0.001 |
|     alu_decode1_lut                                     |    <0.001 |
|     alu_decode2_lut                                     |    <0.001 |
|     carry_flag_lut                                      |    <0.001 |
|     data_path_loop[0].arith_logical_lut                 |    <0.001 |
|     data_path_loop[0].lsb_shift_rotate.shift_rotate_lut |    <0.001 |
|     data_path_loop[0].output_data.sy_kk_mux_lut         |    <0.001 |
|     data_path_loop[0].second_operand.out_port_lut       |    <0.001 |
|     data_path_loop[0].small_spm.small_spm_ram.spm_ram   |    <0.001 |
|     data_path_loop[1].arith_logical_lut                 |    <0.001 |
|     data_path_loop[2].arith_logical_lut                 |    <0.001 |
|     data_path_loop[2].mid_shift_rotate.shift_rotate_lut |    <0.001 |
|     data_path_loop[2].output_data.sy_kk_mux_lut         |    <0.001 |
|     data_path_loop[2].second_operand.out_port_lut       |    <0.001 |
|     data_path_loop[3].arith_logical_lut                 |    <0.001 |
|     data_path_loop[4].arith_logical_lut                 |    <0.001 |
|     data_path_loop[4].mid_shift_rotate.shift_rotate_lut |    <0.001 |
|     data_path_loop[4].output_data.sy_kk_mux_lut         |    <0.001 |
|     data_path_loop[4].second_operand.out_port_lut       |    <0.001 |
|     data_path_loop[4].small_spm.small_spm_ram.spm_ram   |    <0.001 |
|     data_path_loop[5].arith_logical_lut                 |    <0.001 |
|     data_path_loop[6].arith_logical_lut                 |    <0.001 |
|     data_path_loop[6].msb_shift_rotate.shift_rotate_lut |    <0.001 |
|     data_path_loop[6].output_data.sy_kk_mux_lut         |    <0.001 |
|     data_path_loop[6].second_operand.out_port_lut       |    <0.001 |
|     data_path_loop[7].arith_logical_lut                 |    <0.001 |
|     int_enable_type_lut                                 |    <0.001 |
|     lower_reg_banks                                     |    <0.001 |
|     move_type_lut                                       |    <0.001 |
|     pc_mode1_lut                                        |    <0.001 |
|     push_pop_lut                                        |    <0.001 |
|     register_enable_lut                                 |    <0.001 |
|     register_enable_type_lut                            |    <0.001 |
|     reset_lut                                           |    <0.001 |
|     stack_ram_high                                      |    <0.001 |
|     stack_ram_low                                       |    <0.001 |
|     t_state_lut                                         |    <0.001 |
|     upper_reg_banks                                     |    <0.001 |
|     use_zero_flag_lut                                   |    <0.001 |
+---------------------------------------------------------+-----------+


